{"logTime": "0212/202231", "correlationVector":"h36xql8CRo5rBcWzgmwihM","action":"Commit Request", "result":"", "context":Item count: 1
Contributing types: Sessions}
{"logTime": "0212/202233", "correlationVector":"h36xql8CRo5rBcWzgmwihM.1","action":"SyncServerConnectionManagerRequest", "result":"SYNC_SERVER_OK", "context":{"environment":"Prod_SoutheastAsia_000j", "server":"GENERAL0100000G"}}
{"logTime": "0212/202233", "correlationVector":"h36xql8CRo5rBcWzgmwihM.2","action":"Commit Response", "result":"SYNCER_OK", "context":Result: SYNCER_OK. cV=h36xql8CRo5rBcWzgmwihM.0;server=GENERAL0100000G;cloudType=Consumer;environment=Prod_SoutheastAsia_000j}
{"logTime": "0212/202310", "correlationVector":"cqwoo2POcrym+aiO4rNW9U","action":"Commit Request", "result":"", "context":Item count: 1
Contributing types: Sessions}
{"logTime": "0212/202310", "correlationVector":"cqwoo2POcrym+aiO4rNW9U.1","action":"SyncServerConnectionManagerRequest", "result":"SYNC_SERVER_OK", "context":{"environment":"Prod_SoutheastAsia_000j", "server":"GENERAL01000009"}}
{"logTime": "0212/202310", "correlationVector":"cqwoo2POcrym+aiO4rNW9U.2","action":"Commit Response", "result":"SYNCER_OK", "context":Result: SYNCER_OK. cV=cqwoo2POcrym+aiO4rNW9U.0;server=GENERAL01000009;cloudType=Consumer;environment=Prod_SoutheastAsia_000j}
{"logTime": "0212/202519", "correlationVector":"3yb/mj9ozYvqG5/+Lk+nwl","action":"Commit Request", "result":"", "context":Item count: 1
Contributing types: Sessions}
{"logTime": "0212/202520", "correlationVector":"3yb/mj9ozYvqG5/+Lk+nwl.1","action":"SyncServerConnectionManagerRequest", "result":"SYNC_SERVER_OK", "context":{"environment":"Prod_SoutheastAsia_000j", "server":"GENERAL0100000A"}}
{"logTime": "0212/202520", "correlationVector":"3yb/mj9ozYvqG5/+Lk+nwl.2","action":"Commit Response", "result":"SYNCER_OK", "context":Result: SYNCER_OK. cV=3yb/mj9ozYvqG5/+Lk+nwl.0;server=GENERAL0100000A;cloudType=Consumer;environment=Prod_SoutheastAsia_000j}
{"logTime": "0212/202621", "correlationVector":"blIStKNyoihUbct6mocKQX","action":"Commit Request", "result":"", "context":Item count: 1
Contributing types: Sessions}
{"logTime": "0212/202621", "correlationVector":"blIStKNyoihUbct6mocKQX.1","action":"SyncServerConnectionManagerRequest", "result":"SYNC_SERVER_OK", "context":{"environment":"Prod_SoutheastAsia_000j", "server":"GENERAL01000007"}}
{"logTime": "0212/202621", "correlationVector":"blIStKNyoihUbct6mocKQX.2","action":"Commit Response", "result":"SYNCER_OK", "context":Result: SYNCER_OK. cV=blIStKNyoihUbct6mocKQX.0;server=GENERAL01000007;cloudType=Consumer;environment=Prod_SoutheastAsia_000j}
{"logTime": "0212/202800", "correlationVector":"bXXiiufsh449feeThHfQ1V","action":"Commit Request", "result":"", "context":Item count: 1
Contributing types: Sessions}
{"logTime": "0212/202800", "correlationVector":"bXXiiufsh449feeThHfQ1V.1","action":"SyncServerConnectionManagerRequest", "result":"SYNC_SERVER_OK", "context":{"environment":"Prod_SoutheastAsia_000j", "server":"GENERAL01000000"}}
{"logTime": "0212/202800", "correlationVector":"bXXiiufsh449feeThHfQ1V.2","action":"Commit Response", "result":"SYNCER_OK", "context":Result: SYNCER_OK. cV=bXXiiufsh449feeThHfQ1V.0;server=GENERAL01000000;cloudType=Consumer;environment=Prod_SoutheastAsia_000j}
{"logTime": "0212/202939", "correlationVector":"hcZnTeSNWkyGZrIr7qzSor","action":"Commit Request", "result":"", "context":Item count: 1
Contributing types: Sessions}
{"logTime": "0212/202939", "correlationVector":"hcZnTeSNWkyGZrIr7qzSor.1","action":"SyncServerConnectionManagerRequest", "result":"SYNC_SERVER_OK", "context":{"environment":"Prod_SoutheastAsia_000j", "server":"GENERAL0100000E"}}
{"logTime": "0212/202939", "correlationVector":"hcZnTeSNWkyGZrIr7qzSor.2","action":"Commit Response", "result":"SYNCER_OK", "context":Result: SYNCER_OK. cV=hcZnTeSNWkyGZrIr7qzSor.0;server=GENERAL0100000E;cloudType=Consumer;environment=Prod_SoutheastAsia_000j}
{"logTime": "0212/203131", "correlationVector":"Zzv84Qf1P32YS+gboFjZXG","action":"Commit Request", "result":"", "context":Item count: 1
Contributing types: Sessions}
{"logTime": "0212/203132", "correlationVector":"Zzv84Qf1P32YS+gboFjZXG.1","action":"SyncServerConnectionManagerRequest", "result":"SYNC_SERVER_OK", "context":{"environment":"Prod_SoutheastAsia_000j", "server":"GENERAL01000010"}}
{"logTime": "0212/203132", "correlationVector":"Zzv84Qf1P32YS+gboFjZXG.2","action":"Commit Response", "result":"SYNCER_OK", "context":Result: SYNCER_OK. cV=Zzv84Qf1P32YS+gboFjZXG.0;server=GENERAL01000010;cloudType=Consumer;environment=Prod_SoutheastAsia_000j}
{"logTime": "0212/203228", "correlationVector":"+tx/Gqu7A8BNSWgj+SYAnx","action":"Commit Request", "result":"", "context":Item count: 1
Contributing types: Sessions}
{"logTime": "0212/203228", "correlationVector":"+tx/Gqu7A8BNSWgj+SYAnx.1","action":"SyncServerConnectionManagerRequest", "result":"SYNC_SERVER_OK", "context":{"environment":"Prod_SoutheastAsia_000j", "server":"GENERAL0100001G"}}
{"logTime": "0212/203228", "correlationVector":"+tx/Gqu7A8BNSWgj+SYAnx.2","action":"Commit Response", "result":"SYNCER_OK", "context":Result: SYNCER_OK. cV=+tx/Gqu7A8BNSWgj+SYAnx.0;server=GENERAL0100001G;cloudType=Consumer;environment=Prod_SoutheastAsia_000j}
{"logTime": "0212/203352", "correlationVector":"HBNIr7UlQgDg4zwcTpluvV","action":"Commit Request", "result":"", "context":Item count: 1
Contributing types: Sessions}
{"logTime": "0212/203353", "correlationVector":"HBNIr7UlQgDg4zwcTpluvV.1","action":"SyncServerConnectionManagerRequest", "result":"SYNC_SERVER_OK", "context":{"environment":"Prod_SoutheastAsia_000j", "server":"GENERAL01000000"}}
{"logTime": "0212/203353", "correlationVector":"HBNIr7UlQgDg4zwcTpluvV.2","action":"Commit Response", "result":"SYNCER_OK", "context":Result: SYNCER_OK. cV=HBNIr7UlQgDg4zwcTpluvV.0;server=GENERAL01000000;cloudType=Consumer;environment=Prod_SoutheastAsia_000j}
{"logTime": "0213/022109", "correlationVector":"Xo27dBuBxGNmPAQE10YSFx.0","action":"FeedSettingFetch_homeCloud", "result":"0", "context":{}}
{"logTime": "0213/022109", "correlationVector":"Xo27dBuBxGNmPAQE10YSFx.0","action":"SyncServerConnectionManagerRequest", "result":"SYNC_SERVER_OK", "context":{"environment":"", "server":""}}
{"logTime": "0213/022109", "correlationVector":"HaoUmyFQxaWi0t6SQrwAiu.1","action":"SyncServerConnectionManagerRequest", "result":"SYNC_SERVER_OK", "context":{"environment":"Prod_SoutheastAsia_000j", "server":"GENERAL0100001J"}}
{"logTime": "0213/022109", "correlationVector":"HaoUmyFQxaWi0t6SQrwAiu","action":"Initial GetUpdates", "result":"", "context":Reason: NEW_CLIENT. cV=HaoUmyFQxaWi0t6SQrwAiu}
{"logTime": "0213/022109", "correlationVector":"HaoUmyFQxaWi0t6SQrwAiu.2","action":"GetUpdates Response", "result":"SYNCER_OK", "context":Received 1 update(s). cV=HaoUmyFQxaWi0t6SQrwAiu.0;server=GENERAL0100001J;cloudType=Consumer;environment=Prod_SoutheastAsia_000j}
{"logTime": "0213/022109", "correlationVector":"axFbhXBEHckaWeqRSrz23v","action":"Initial GetUpdates", "result":"", "context":Reason: NEWLY_SUPPORTED_DATATYPE. cV=axFbhXBEHckaWeqRSrz23v}
{"logTime": "0213/022109", "correlationVector":"axFbhXBEHckaWeqRSrz23v.1","action":"SyncServerConnectionManagerRequest", "result":"SYNC_SERVER_OK", "context":{"environment":"Prod_SoutheastAsia_000j", "server":"GENERAL0100000V"}}
{"logTime": "0213/022109", "correlationVector":"axFbhXBEHckaWeqRSrz23v.2","action":"GetUpdates", "result":"DeleteReceived", "context":{"id":"27ceb5af-9fd1-4186-9bc9-c82cdc813720", "isDeleted:":"true", "version":"1670484053844"}}
{"logTime": "0213/022109", "correlationVector":"axFbhXBEHckaWeqRSrz23v.3","action":"GetUpdates", "result":"DeleteReceived", "context":{"id":"edf885e5-24bd-426e-a746-344fc8f1614c", "isDeleted:":"true", "version":"1671813697405"}}
{"logTime": "0213/022109", "correlationVector":"axFbhXBEHckaWeqRSrz23v.4","action":"GetUpdates", "result":"DeleteReceived", "context":{"id":"8e5ddba8-5143-4039-934a-62532d0e0a00", "isDeleted:":"true", "version":"1671813703332"}}
{"logTime": "0213/022109", "correlationVector":"axFbhXBEHckaWeqRSrz23v.5","action":"GetUpdates", "result":"DeleteReceived", "context":{"id":"dc85dd31-1d48-4bce-9839-22e9a5639fe8", "isDeleted:":"true", "version":"1671813703925"}}
{"logTime": "0213/022109", "correlationVector":"axFbhXBEHckaWeqRSrz23v.6","action":"GetUpdates", "result":"DeleteReceived", "context":{"id":"630f8f08-9237-4453-973d-cb6217796cf7", "isDeleted:":"true", "version":"1671813704546"}}
{"logTime": "0213/022109", "correlationVector":"axFbhXBEHckaWeqRSrz23v.7","action":"GetUpdates", "result":"DeleteReceived", "context":{"id":"ce6baa9a-09d7-477b-ad70-d1d8c3aa8362", "isDeleted:":"true", "version":"1671813707084"}}
{"logTime": "0213/022109", "correlationVector":"axFbhXBEHckaWeqRSrz23v.8","action":"GetUpdates", "result":"DeleteReceived", "context":{"id":"e245edc8-29b0-43c0-9971-eb25d3a00d14", "isDeleted:":"true", "version":"1671813707749"}}
{"logTime": "0213/022109", "correlationVector":"axFbhXBEHckaWeqRSrz23v.9","action":"GetUpdates", "result":"DeleteReceived", "context":{"id":"623f1a03-7b6e-43f8-94e8-6e70e72b459c", "isDeleted:":"true", "version":"1671813708332"}}
{"logTime": "0213/022109", "correlationVector":"axFbhXBEHckaWeqRSrz23v.10","action":"GetUpdates", "result":"DeleteReceived", "context":{"id":"6a10662a-c4c8-49e4-be2d-5764d4392487", "isDeleted:":"true", "version":"1671813712299"}}
{"logTime": "0213/022109", "correlationVector":"axFbhXBEHckaWeqRSrz23v.11","action":"GetUpdates", "result":"DeleteReceived", "context":{"id":"52d19762-f9ac-41bd-bedc-4ce30e23f9d3", "isDeleted:":"true", "version":"1671813712898"}}
{"logTime": "0213/022109", "correlationVector":"axFbhXBEHckaWeqRSrz23v.12","action":"GetUpdates", "result":"DeleteReceived", "context":{"id":"71b7dfb5-5311-40d9-8cb6-a8019fa0bf07", "isDeleted:":"true", "version":"1671813713721"}}
{"logTime": "0213/022109", "correlationVector":"axFbhXBEHckaWeqRSrz23v.13","action":"GetUpdates", "result":"DeleteReceived", "context":{"id":"2ccfe0bd-bb5f-4bdd-97e9-ae2996ad2288", "isDeleted:":"true", "version":"1671813714431"}}
{"logTime": "0213/022109", "correlationVector":"axFbhXBEHckaWeqRSrz23v.14","action":"GetUpdates", "result":"DeleteReceived", "context":{"id":"71855342-2712-4c81-9daa-5c4ffdfd4c4b", "isDeleted:":"true", "version":"1671813715704"}}
{"logTime": "0213/022109", "correlationVector":"axFbhXBEHckaWeqRSrz23v.15","action":"GetUpdates", "result":"DeleteReceived", "context":{"id":"df493d23-ec4e-4ee0-8da7-ef2cd8dfe5aa", "isDeleted:":"true", "version":"1671813715705"}}
{"logTime": "0213/022109", "correlationVector":"axFbhXBEHckaWeqRSrz23v.16","action":"GetUpdates", "result":"DeleteReceived", "context":{"id":"e6804bd1-f417-493b-a531-1977b6893f84", "isDeleted:":"true", "version":"1671813727281"}}
{"logTime": "0213/022109", "correlationVector":"axFbhXBEHckaWeqRSrz23v.17","action":"GetUpdates", "result":"DeleteReceived", "context":{"id":"47d82a91-5561-4442-9857-a5900a77439a", "isDeleted:":"true", "version":"1671813727282"}}
{"logTime": "0213/022109", "correlationVector":"axFbhXBEHckaWeqRSrz23v.18","action":"GetUpdates", "result":"DeleteReceived", "context":{"id":"0256e073-2068-477b-aeaf-7f7b1d1efb81", "isDeleted:":"true", "version":"1671813752948"}}
{"logTime": "0213/022109", "correlationVector":"axFbhXBEHckaWeqRSrz23v.19","action":"GetUpdates", "result":"DeleteReceived", "context":{"id":"5edeed98-a0fd-4642-afc1-31c983250681", "isDeleted:":"true", "version":"1671813754012"}}
{"logTime": "0213/022109", "correlationVector":"axFbhXBEHckaWeqRSrz23v.20","action":"GetUpdates", "result":"DeleteReceived", "context":{"id":"5a94ede1-0113-4e64-8249-50ab5b1bd6f6", "isDeleted:":"true", "version":"1671813755195"}}
{"logTime": "0213/022109", "correlationVector":"axFbhXBEHckaWeqRSrz23v.21","action":"GetUpdates", "result":"DeleteReceived", "context":{"id":"bc6b8383-a084-4563-9b3d-6c3745885680", "isDeleted:":"true", "version":"1671813758684"}}
{"logTime": "0213/022109", "correlationVector":"axFbhXBEHckaWeqRSrz23v.22","action":"GetUpdates", "result":"DeleteReceived", "context":{"id":"e37f62e8-a939-40da-b236-616b7e3ec8c5", "isDeleted:":"true", "version":"1671813759232"}}
{"logTime": "0213/022109", "correlationVector":"axFbhXBEHckaWeqRSrz23v.23","action":"GetUpdates", "result":"DeleteReceived", "context":{"id":"d9cc3421-67f0-4253-93ab-7cccf5833b86", "isDeleted:":"true", "version":"1671813759895"}}
{"logTime": "0213/022109", "correlationVector":"axFbhXBEHckaWeqRSrz23v.24","action":"GetUpdates", "result":"DeleteReceived", "context":{"id":"8a7b5974-43ed-4103-b3e0-7c2a36db42d9", "isDeleted:":"true", "version":"1671813760455"}}
{"logTime": "0213/022109", "correlationVector":"axFbhXBEHckaWeqRSrz23v.25","action":"GetUpdates", "result":"DeleteReceived", "context":{"id":"bbc07b73-b3f5-42ac-9982-23bfa2e7685d", "isDeleted:":"true", "version":"1671813763656"}}
{"logTime": "0213/022109", "correlationVector":"axFbhXBEHckaWeqRSrz23v.26","action":"GetUpdates", "result":"DeleteReceived", "context":{"id":"da3f7fe0-4bd1-4ff0-8d50-2ba30950b6ce", "isDeleted:":"true", "version":"1671813764578"}}
{"logTime": "0213/022109", "correlationVector":"axFbhXBEHckaWeqRSrz23v.27","action":"GetUpdates", "result":"DeleteReceived", "context":{"id":"e1c48492-2cba-4228-9b47-f1c3ecc5037d", "isDeleted:":"true", "version":"1671813765486"}}
{"logTime": "0213/022109", "correlationVector":"axFbhXBEHckaWeqRSrz23v.28","action":"GetUpdates", "result":"DeleteReceived", "context":{"id":"b58fe89f-79eb-4f47-9002-c91a47c3351a", "isDeleted:":"true", "version":"1671813766138"}}
{"logTime": "0213/022109", "correlationVector":"axFbhXBEHckaWeqRSrz23v.29","action":"GetUpdates", "result":"DeleteReceived", "context":{"id":"12708fe3-7464-4fb4-b37d-c28b9351c22c", "isDeleted:":"true", "version":"1671813770220"}}
{"logTime": "0213/022109", "correlationVector":"axFbhXBEHckaWeqRSrz23v.30","action":"GetUpdates", "result":"DeleteReceived", "context":{"id":"ecfafe26-b439-47a9-a74d-338dc145ee4f", "isDeleted:":"true", "version":"1671813771108"}}
{"logTime": "0213/022109", "correlationVector":"axFbhXBEHckaWeqRSrz23v.31","action":"GetUpdates", "result":"DeleteReceived", "context":{"id":"aaad6d4d-f2f2-4270-9bc2-aa5c0ff8f561", "isDeleted:":"true", "version":"1671813797076"}}
{"logTime": "0213/022109", "correlationVector":"axFbhXBEHckaWeqRSrz23v.32","action":"GetUpdates", "result":"DeleteReceived", "context":{"id":"7caab964-fad6-4a02-be02-fc49b7ff6787", "isDeleted:":"true", "version":"1671990010096"}}
{"logTime": "0213/022109", "correlationVector":"axFbhXBEHckaWeqRSrz23v.33","action":"GetUpdates", "result":"DeleteReceived", "context":{"id":"6f02e16e-c440-41c3-9238-9ea21ee10117", "isDeleted:":"true", "version":"1672075322606"}}
{"logTime": "0213/022109", "correlationVector":"axFbhXBEHckaWeqRSrz23v.34","action":"GetUpdates", "result":"DeleteReceived", "context":{"id":"0a0724b9-5a81-47fb-90a9-e88639277f5e", "isDeleted:":"true", "version":"1672932893327"}}
{"logTime": "0213/022109", "correlationVector":"axFbhXBEHckaWeqRSrz23v.35","action":"GetUpdates", "result":"DeleteReceived", "context":{"id":"b6d3e5cc-7ccf-400a-b470-32b98e47ce6a", "isDeleted:":"true", "version":"1672932899205"}}
{"logTime": "0213/022109", "correlationVector":"axFbhXBEHckaWeqRSrz23v.36","action":"GetUpdates", "result":"DeleteReceived", "context":{"id":"4fade3e8-101d-47b6-a31c-bcd58e5a50e3", "isDeleted:":"true", "version":"1673625254308"}}
{"logTime": "0213/022109", "correlationVector":"axFbhXBEHckaWeqRSrz23v.37","action":"GetUpdates", "result":"DeleteReceived", "context":{"id":"8c674c94-8bd5-47cc-9910-b1d4a31a2b7c", "isDeleted:":"true", "version":"1673625254309"}}
{"logTime": "0213/022109", "correlationVector":"axFbhXBEHckaWeqRSrz23v.38","action":"GetUpdates", "result":"DeleteReceived", "context":{"id":"4d79c359-5295-4a02-a197-b04683079028", "isDeleted:":"true", "version":"1675391264419"}}
{"logTime": "0213/022109", "correlationVector":"axFbhXBEHckaWeqRSrz23v.39","action":"GetUpdates", "result":"DeleteReceived", "context":{"id":"9af8f6af-5233-42a8-975f-bae7df4ee22d", "isDeleted:":"true", "version":"1675391264420"}}
{"logTime": "0213/022109", "correlationVector":"axFbhXBEHckaWeqRSrz23v.40","action":"GetUpdates Response", "result":"SYNCER_OK", "context":Received 142 update(s). cV=axFbhXBEHckaWeqRSrz23v.0;server=GENERAL0100000V;cloudType=Consumer;environment=Prod_SoutheastAsia_000j}
{"logTime": "0213/022109", "correlationVector":"AksDXsEL2oHu8E+JSXo+s+","action":"Normal GetUpdate request", "result":"", "context":cV=AksDXsEL2oHu8E+JSXo+s+
Nudged types: Sessions, User Consents
Refresh requested types: Bookmarks, Preferences, Passwords, Autofill Profiles, Autofill, Autofill Custom Data, Typed URLs, Extensions, Sessions, Extension settings, History Delete Directives, Device Info, User Consents, Send Tab To Self, Web Apps, Collection, Encryption Keys}
{"logTime": "0213/022109", "correlationVector":"AksDXsEL2oHu8E+JSXo+s+.1","action":"SyncServerConnectionManagerRequest", "result":"SYNC_SERVER_OK", "context":{"environment":"Prod_SoutheastAsia_000j", "server":"GENERAL0100000R"}}
{"logTime": "0213/022109", "correlationVector":"AksDXsEL2oHu8E+JSXo+s+.2","action":"GetUpdates", "result":"DeleteReceived", "context":{"id":"773360a9-13d3-48ae-b367-b536dd464482", "isDeleted:":"true", "version":"1676254509445"}}
{"logTime": "0213/022109", "correlationVector":"AksDXsEL2oHu8E+JSXo+s+.3","action":"GetUpdates Response", "result":"SYNCER_OK", "context":Received 12 update(s). cV=AksDXsEL2oHu8E+JSXo+s+.0;server=GENERAL0100000R;cloudType=Consumer;environment=Prod_SoutheastAsia_000j}
{"logTime": "0213/022109", "correlationVector":"/KsyoBvRvoabcbPJj8qRRZ","action":"Commit Request", "result":"", "context":Item count: 4
Contributing types: Sessions, User Consents}
{"logTime": "0213/022109", "correlationVector":"/KsyoBvRvoabcbPJj8qRRZ.1","action":"SyncServerConnectionManagerRequest", "result":"SYNC_SERVER_OK", "context":{"environment":"Prod_SoutheastAsia_000j", "server":"GENERAL0100000G"}}
{"logTime": "0213/022109", "correlationVector":"/KsyoBvRvoabcbPJj8qRRZ.2","action":"Commit Response", "result":"SYNCER_OK", "context":Result: SYNCER_OK. cV=/KsyoBvRvoabcbPJj8qRRZ.0;server=GENERAL0100000G;cloudType=Consumer;environment=Prod_SoutheastAsia_000j}
{"logTime": "0213/022109", "correlationVector":"/KsyoBvRvoabcbPJj8qRRZ.3","action":"Commit.Sessions", "result":"Success", "context":{"id":"577e4092-d485-49a6-8182-eb13fbd90c28", "isDeleted":"true", "size":"0", "version":"1676234033516"}}
{"logTime": "0213/022109", "correlationVector":"YeUJ4p59nbNGBFzc/0SEXo","action":"Normal GetUpdate request", "result":"", "context":cV=YeUJ4p59nbNGBFzc/0SEXo
Nudged types: Sessions}
{"logTime": "0213/022109", "correlationVector":"YeUJ4p59nbNGBFzc/0SEXo.1","action":"SyncServerConnectionManagerRequest", "result":"SYNC_SERVER_OK", "context":{"environment":"Prod_SoutheastAsia_000j", "server":"GENERAL01000015"}}
{"logTime": "0213/022109", "correlationVector":"YeUJ4p59nbNGBFzc/0SEXo.2","action":"GetUpdates", "result":"DeleteReceived", "context":{"id":"577e4092-d485-49a6-8182-eb13fbd90c28", "isDeleted:":"true", "version":"1676254819639"}}
{"logTime": "0213/022109", "correlationVector":"YeUJ4p59nbNGBFzc/0SEXo.3","action":"GetUpdates Response", "result":"SYNCER_OK", "context":Received 3 update(s). cV=YeUJ4p59nbNGBFzc/0SEXo.0;server=GENERAL01000015;cloudType=Consumer;environment=Prod_SoutheastAsia_000j}
{"logTime": "0213/022109", "correlationVector":"4afRO7pa73gzXjt5yOD/Mn","action":"Commit Request", "result":"", "context":Item count: 1
Contributing types: Sessions}
{"logTime": "0213/022109", "correlationVector":"4afRO7pa73gzXjt5yOD/Mn.1","action":"SyncServerConnectionManagerRequest", "result":"SYNC_SERVER_OK", "context":{"environment":"Prod_SoutheastAsia_000j", "server":"GENERAL0100000I"}}
{"logTime": "0213/022109", "correlationVector":"4afRO7pa73gzXjt5yOD/Mn.2","action":"Commit Response", "result":"SYNCER_OK", "context":Result: SYNCER_OK. cV=4afRO7pa73gzXjt5yOD/Mn.0;server=GENERAL0100000I;cloudType=Consumer;environment=Prod_SoutheastAsia_000j}
{"logTime": "0213/022119", "correlationVector":"08ROMwr7uAA+ydAxvMl+Ro","action":"Normal GetUpdate request", "result":"", "context":cV=08ROMwr7uAA+ydAxvMl+Ro
Nudged types: Sessions}
{"logTime": "0213/022119", "correlationVector":"08ROMwr7uAA+ydAxvMl+Ro.1","action":"SyncServerConnectionManagerRequest", "result":"SYNC_SERVER_OK", "context":{"environment":"Prod_SoutheastAsia_000j", "server":"GENERAL0100000W"}}
{"logTime": "0213/022119", "correlationVector":"08ROMwr7uAA+ydAxvMl+Ro.2","action":"GetUpdates Response", "result":"SYNCER_OK", "context":Received 1 update(s). cV=08ROMwr7uAA+ydAxvMl+Ro.0;server=GENERAL0100000W;cloudType=Consumer;environment=Prod_SoutheastAsia_000j}
{"logTime": "0213/022119", "correlationVector":"iKO/HBxt7PGqLADjZXMPZY","action":"Commit Request", "result":"", "context":Item count: 1
Contributing types: Sessions}
{"logTime": "0213/022119", "correlationVector":"iKO/HBxt7PGqLADjZXMPZY.1","action":"SyncServerConnectionManagerRequest", "result":"SYNC_SERVER_OK", "context":{"environment":"Prod_SoutheastAsia_000j", "server":"GENERAL0100001F"}}
{"logTime": "0213/022119", "correlationVector":"iKO/HBxt7PGqLADjZXMPZY.2","action":"Commit Response", "result":"SYNCER_OK", "context":Result: SYNCER_OK. cV=iKO/HBxt7PGqLADjZXMPZY.0;server=GENERAL0100001F;cloudType=Consumer;environment=Prod_SoutheastAsia_000j}
{"logTime": "0213/022149", "correlationVector":"1oLfX9k5FLWPToVIXrs6GC","action":"Commit Request", "result":"", "context":Item count: 1
Contributing types: Sessions}
{"logTime": "0213/022149", "correlationVector":"1oLfX9k5FLWPToVIXrs6GC.1","action":"SyncServerConnectionManagerRequest", "result":"SYNC_SERVER_OK", "context":{"environment":"Prod_SoutheastAsia_000j", "server":"GENERAL0100000X"}}
{"logTime": "0213/022149", "correlationVector":"1oLfX9k5FLWPToVIXrs6GC.2","action":"Commit Response", "result":"SYNCER_OK", "context":Result: SYNCER_OK. cV=1oLfX9k5FLWPToVIXrs6GC.0;server=GENERAL0100000X;cloudType=Consumer;environment=Prod_SoutheastAsia_000j}
{"logTime": "0213/022253", "correlationVector":"Zgmw61WtpPcXdmzoxr318o","action":"Poll GetUpdate request", "result":"", "context":cV=Zgmw61WtpPcXdmzoxr318o}
{"logTime": "0213/022253", "correlationVector":"Zgmw61WtpPcXdmzoxr318o.1","action":"SyncServerConnectionManagerRequest", "result":"SYNC_SERVER_OK", "context":{"environment":"Prod_SoutheastAsia_000j", "server":"GENERAL0100000V"}}
{"logTime": "0213/022253", "correlationVector":"Zgmw61WtpPcXdmzoxr318o.2","action":"GetUpdates Response", "result":"SYNCER_OK", "context":Received 1 update(s). cV=Zgmw61WtpPcXdmzoxr318o.0;server=GENERAL0100000V;cloudType=Consumer;environment=Prod_SoutheastAsia_000j}
{"logTime": "0213/022554", "correlationVector":"REfKfogK3hN+gJjwyrp02k","action":"Commit Request", "result":"", "context":Item count: 1
Contributing types: Sessions}
{"logTime": "0213/022554", "correlationVector":"REfKfogK3hN+gJjwyrp02k.1","action":"SyncServerConnectionManagerRequest", "result":"SYNC_SERVER_OK", "context":{"environment":"Prod_SoutheastAsia_000j", "server":"GENERAL01000019"}}
{"logTime": "0213/022554", "correlationVector":"REfKfogK3hN+gJjwyrp02k.2","action":"Commit Response", "result":"SYNCER_OK", "context":Result: SYNCER_OK. cV=REfKfogK3hN+gJjwyrp02k.0;server=GENERAL01000019;cloudType=Consumer;environment=Prod_SoutheastAsia_000j}
{"logTime": "0213/022656", "correlationVector":"Y5vuzPTBklhJXuD4m8oKNg","action":"Commit Request", "result":"", "context":Item count: 1
Contributing types: Sessions}
{"logTime": "0213/022656", "correlationVector":"Y5vuzPTBklhJXuD4m8oKNg.1","action":"SyncServerConnectionManagerRequest", "result":"SYNC_SERVER_OK", "context":{"environment":"Prod_SoutheastAsia_000j", "server":"GENERAL0100000S"}}
{"logTime": "0213/022656", "correlationVector":"Y5vuzPTBklhJXuD4m8oKNg.2","action":"Commit Response", "result":"SYNCER_OK", "context":Result: SYNCER_OK. cV=Y5vuzPTBklhJXuD4m8oKNg.0;server=GENERAL0100000S;cloudType=Consumer;environment=Prod_SoutheastAsia_000j}
{"logTime": "0213/022726", "correlationVector":"AoMkXMeelGWJ6SIBk9jr7d","action":"Commit Request", "result":"", "context":Item count: 1
Contributing types: Sessions}
{"logTime": "0213/022727", "correlationVector":"AoMkXMeelGWJ6SIBk9jr7d.1","action":"SyncServerConnectionManagerRequest", "result":"SYNC_SERVER_OK", "context":{"environment":"Prod_SoutheastAsia_000j", "server":"GENERAL01000011"}}
{"logTime": "0213/022727", "correlationVector":"AoMkXMeelGWJ6SIBk9jr7d.2","action":"Commit Response", "result":"SYNCER_OK", "context":Result: SYNCER_OK. cV=AoMkXMeelGWJ6SIBk9jr7d.0;server=GENERAL01000011;cloudType=Consumer;environment=Prod_SoutheastAsia_000j}
{"logTime": "0213/022814", "correlationVector":"SvGlpKbtRLzzRNRM5MslBR","action":"Commit Request", "result":"", "context":Item count: 1
Contributing types: Sessions}
{"logTime": "0213/022814", "correlationVector":"SvGlpKbtRLzzRNRM5MslBR.1","action":"SyncServerConnectionManagerRequest", "result":"SYNC_SERVER_OK", "context":{"environment":"Prod_SoutheastAsia_000j", "server":"GENERAL01000000"}}
{"logTime": "0213/022814", "correlationVector":"SvGlpKbtRLzzRNRM5MslBR.2","action":"Commit Response", "result":"SYNCER_OK", "context":Result: SYNCER_OK. cV=SvGlpKbtRLzzRNRM5MslBR.0;server=GENERAL01000000;cloudType=Consumer;environment=Prod_SoutheastAsia_000j}
{"logTime": "0213/022925", "correlationVector":"mqozNd8h2F85vPbv5vca/K","action":"Commit Request", "result":"", "context":Item count: 1
Contributing types: Sessions}
{"logTime": "0213/022925", "correlationVector":"mqozNd8h2F85vPbv5vca/K.1","action":"SyncServerConnectionManagerRequest", "result":"SYNC_SERVER_OK", "context":{"environment":"Prod_SoutheastAsia_000j", "server":"GENERAL0100000M"}}
{"logTime": "0213/022925", "correlationVector":"mqozNd8h2F85vPbv5vca/K.2","action":"Commit Response", "result":"SYNCER_OK", "context":Result: SYNCER_OK. cV=mqozNd8h2F85vPbv5vca/K.0;server=GENERAL0100000M;cloudType=Consumer;environment=Prod_SoutheastAsia_000j}
{"logTime": "0213/023025", "correlationVector":"xE2gQ4/CUhpO44ZTETze9P","action":"Commit Request", "result":"", "context":Item count: 1
Contributing types: Sessions}
{"logTime": "0213/023025", "correlationVector":"xE2gQ4/CUhpO44ZTETze9P.1","action":"SyncServerConnectionManagerRequest", "result":"SYNC_SERVER_OK", "context":{"environment":"Prod_SoutheastAsia_000j", "server":"GENERAL01000018"}}
{"logTime": "0213/023025", "correlationVector":"xE2gQ4/CUhpO44ZTETze9P.2","action":"Commit Response", "result":"SYNCER_OK", "context":Result: SYNCER_OK. cV=xE2gQ4/CUhpO44ZTETze9P.0;server=GENERAL01000018;cloudType=Consumer;environment=Prod_SoutheastAsia_000j}
{"logTime": "0213/023059", "correlationVector":"SUF+u8HuBgX4//VUpJ3Jsz","action":"Commit Request", "result":"", "context":Item count: 1
Contributing types: Sessions}
{"logTime": "0213/023100", "correlationVector":"SUF+u8HuBgX4//VUpJ3Jsz.1","action":"SyncServerConnectionManagerRequest", "result":"SYNC_SERVER_OK", "context":{"environment":"Prod_SoutheastAsia_000j", "server":"GENERAL0100000G"}}
{"logTime": "0213/023100", "correlationVector":"SUF+u8HuBgX4//VUpJ3Jsz.2","action":"Commit Response", "result":"SYNCER_OK", "context":Result: SYNCER_OK. cV=SUF+u8HuBgX4//VUpJ3Jsz.0;server=GENERAL0100000G;cloudType=Consumer;environment=Prod_SoutheastAsia_000j}
{"logTime": "0213/023235", "correlationVector":"hK7LUQdUs3y5QHaMWHd4tS","action":"Commit Request", "result":"", "context":Item count: 1
Contributing types: Sessions}
{"logTime": "0213/023235", "correlationVector":"hK7LUQdUs3y5QHaMWHd4tS.1","action":"SyncServerConnectionManagerRequest", "result":"SYNC_SERVER_OK", "context":{"environment":"Prod_SoutheastAsia_000j", "server":"GENERAL0100000Q"}}
{"logTime": "0213/023235", "correlationVector":"hK7LUQdUs3y5QHaMWHd4tS.2","action":"Commit Response", "result":"SYNCER_OK", "context":Result: SYNCER_OK. cV=hK7LUQdUs3y5QHaMWHd4tS.0;server=GENERAL0100000Q;cloudType=Consumer;environment=Prod_SoutheastAsia_000j}
{"logTime": "0213/023323", "correlationVector":"H91s5RgENw0BfiJ2IeC8Z6","action":"Commit Request", "result":"", "context":Item count: 1
Contributing types: Sessions}
{"logTime": "0213/023323", "correlationVector":"H91s5RgENw0BfiJ2IeC8Z6.1","action":"SyncServerConnectionManagerRequest", "result":"SYNC_SERVER_OK", "context":{"environment":"Prod_SoutheastAsia_000j", "server":"GENERAL01000012"}}
{"logTime": "0213/023323", "correlationVector":"H91s5RgENw0BfiJ2IeC8Z6.2","action":"Commit Response", "result":"SYNCER_OK", "context":Result: SYNCER_OK. cV=H91s5RgENw0BfiJ2IeC8Z6.0;server=GENERAL01000012;cloudType=Consumer;environment=Prod_SoutheastAsia_000j}
{"logTime": "0213/023354", "correlationVector":"YacAQZxJL5XEzlAk2LX4dP","action":"Commit Request", "result":"", "context":Item count: 1
Contributing types: Sessions}
{"logTime": "0213/023354", "correlationVector":"YacAQZxJL5XEzlAk2LX4dP.1","action":"SyncServerConnectionManagerRequest", "result":"SYNC_SERVER_OK", "context":{"environment":"Prod_SoutheastAsia_000j", "server":"GENERAL01000003"}}
{"logTime": "0213/023354", "correlationVector":"YacAQZxJL5XEzlAk2LX4dP.2","action":"Commit Response", "result":"SYNCER_OK", "context":Result: SYNCER_OK. cV=YacAQZxJL5XEzlAk2LX4dP.0;server=GENERAL01000003;cloudType=Consumer;environment=Prod_SoutheastAsia_000j}
{"logTime": "0213/023516", "correlationVector":"XK/9HpLg/erVgCxjeKgMa6","action":"Commit Request", "result":"", "context":Item count: 1
Contributing types: Sessions}
{"logTime": "0213/023516", "correlationVector":"XK/9HpLg/erVgCxjeKgMa6.1","action":"SyncServerConnectionManagerRequest", "result":"SYNC_SERVER_OK", "context":{"environment":"Prod_SoutheastAsia_000j", "server":"GENERAL01000014"}}
{"logTime": "0213/023516", "correlationVector":"XK/9HpLg/erVgCxjeKgMa6.2","action":"Commit Response", "result":"SYNCER_OK", "context":Result: SYNCER_OK. cV=XK/9HpLg/erVgCxjeKgMa6.0;server=GENERAL01000014;cloudType=Consumer;environment=Prod_SoutheastAsia_000j}
{"logTime": "0213/023622", "correlationVector":"N2qqWf1QD3tNI52Hxq99Jd","action":"Commit Request", "result":"", "context":Item count: 1
Contributing types: Sessions}
{"logTime": "0213/023622", "correlationVector":"N2qqWf1QD3tNI52Hxq99Jd.1","action":"SyncServerConnectionManagerRequest", "result":"SYNC_SERVER_OK", "context":{"environment":"Prod_SoutheastAsia_000j", "server":"GENERAL0100001J"}}
{"logTime": "0213/023622", "correlationVector":"N2qqWf1QD3tNI52Hxq99Jd.2","action":"Commit Response", "result":"SYNCER_OK", "context":Result: SYNCER_OK. cV=N2qqWf1QD3tNI52Hxq99Jd.0;server=GENERAL0100001J;cloudType=Consumer;environment=Prod_SoutheastAsia_000j}
{"logTime": "0213/023800", "correlationVector":"iP2dYV/b0ImyS/wvkiP8Qn","action":"Commit Request", "result":"", "context":Item count: 1
Contributing types: Sessions}
{"logTime": "0213/023801", "correlationVector":"iP2dYV/b0ImyS/wvkiP8Qn.1","action":"SyncServerConnectionManagerRequest", "result":"SYNC_SERVER_OK", "context":{"environment":"Prod_SoutheastAsia_000j", "server":"GENERAL01000003"}}
{"logTime": "0213/023801", "correlationVector":"iP2dYV/b0ImyS/wvkiP8Qn.2","action":"Commit Response", "result":"SYNCER_OK", "context":Result: SYNCER_OK. cV=iP2dYV/b0ImyS/wvkiP8Qn.0;server=GENERAL01000003;cloudType=Consumer;environment=Prod_SoutheastAsia_000j}
{"logTime": "0213/023845", "correlationVector":"zlWuSQs4tN4kV1bVpNjVtL","action":"Commit Request", "result":"", "context":Item count: 1
Contributing types: Sessions}
{"logTime": "0213/023845", "correlationVector":"zlWuSQs4tN4kV1bVpNjVtL.1","action":"SyncServerConnectionManagerRequest", "result":"SYNC_SERVER_OK", "context":{"environment":"Prod_SoutheastAsia_000j", "server":"GENERAL0100000B"}}
{"logTime": "0213/023845", "correlationVector":"zlWuSQs4tN4kV1bVpNjVtL.2","action":"Commit Response", "result":"SYNCER_OK", "context":Result: SYNCER_OK. cV=zlWuSQs4tN4kV1bVpNjVtL.0;server=GENERAL0100000B;cloudType=Consumer;environment=Prod_SoutheastAsia_000j}
{"logTime": "0213/023918", "correlationVector":"hcdLTo+REHNdtqSSQaSFe6","action":"Commit Request", "result":"", "context":Item count: 1
Contributing types: Sessions}
{"logTime": "0213/023918", "correlationVector":"hcdLTo+REHNdtqSSQaSFe6.1","action":"SyncServerConnectionManagerRequest", "result":"SYNC_SERVER_OK", "context":{"environment":"Prod_SoutheastAsia_000j", "server":"GENERAL0100000G"}}
{"logTime": "0213/023918", "correlationVector":"hcdLTo+REHNdtqSSQaSFe6.2","action":"Commit Response", "result":"SYNCER_OK", "context":Result: SYNCER_OK. cV=hcdLTo+REHNdtqSSQaSFe6.0;server=GENERAL0100000G;cloudType=Consumer;environment=Prod_SoutheastAsia_000j}
{"logTime": "0213/024008", "correlationVector":"rDD9onI2Qc6F3ileVgl0QJ","action":"Commit Request", "result":"", "context":Item count: 1
Contributing types: Sessions}
{"logTime": "0213/024008", "correlationVector":"rDD9onI2Qc6F3ileVgl0QJ.1","action":"SyncServerConnectionManagerRequest", "result":"SYNC_SERVER_OK", "context":{"environment":"Prod_SoutheastAsia_000j", "server":"GENERAL0100000N"}}
{"logTime": "0213/024008", "correlationVector":"rDD9onI2Qc6F3ileVgl0QJ.2","action":"Commit Response", "result":"SYNCER_OK", "context":Result: SYNCER_OK. cV=rDD9onI2Qc6F3ileVgl0QJ.0;server=GENERAL0100000N;cloudType=Consumer;environment=Prod_SoutheastAsia_000j}
{"logTime": "0213/024044", "correlationVector":"3Gr3CJpC+aCCZi+T0kYw/V","action":"Commit Request", "result":"", "context":Item count: 1
Contributing types: Sessions}
{"logTime": "0213/024044", "correlationVector":"3Gr3CJpC+aCCZi+T0kYw/V.1","action":"SyncServerConnectionManagerRequest", "result":"SYNC_SERVER_OK", "context":{"environment":"Prod_SoutheastAsia_000j", "server":"GENERAL01000009"}}
{"logTime": "0213/024044", "correlationVector":"3Gr3CJpC+aCCZi+T0kYw/V.2","action":"Commit Response", "result":"SYNCER_OK", "context":Result: SYNCER_OK. cV=3Gr3CJpC+aCCZi+T0kYw/V.0;server=GENERAL01000009;cloudType=Consumer;environment=Prod_SoutheastAsia_000j}
{"logTime": "0213/024120", "correlationVector":"RveicQ/sS5xhv9u6VrXDtf","action":"Commit Request", "result":"", "context":Item count: 1
Contributing types: Sessions}
{"logTime": "0213/024121", "correlationVector":"RveicQ/sS5xhv9u6VrXDtf.1","action":"SyncServerConnectionManagerRequest", "result":"SYNC_SERVER_OK", "context":{"environment":"Prod_SoutheastAsia_000j", "server":"GENERAL01000008"}}
{"logTime": "0213/024121", "correlationVector":"RveicQ/sS5xhv9u6VrXDtf.2","action":"Commit Response", "result":"SYNCER_OK", "context":Result: SYNCER_OK. cV=RveicQ/sS5xhv9u6VrXDtf.0;server=GENERAL01000008;cloudType=Consumer;environment=Prod_SoutheastAsia_000j}
{"logTime": "0213/024400", "correlationVector":"dLcdGl47FutkgtSpMMBg9s","action":"Commit Request", "result":"", "context":Item count: 1
Contributing types: Sessions}
{"logTime": "0213/024401", "correlationVector":"dLcdGl47FutkgtSpMMBg9s.1","action":"SyncServerConnectionManagerRequest", "result":"SYNC_SERVER_OK", "context":{"environment":"Prod_SoutheastAsia_000j", "server":"GENERAL01000004"}}
{"logTime": "0213/024401", "correlationVector":"dLcdGl47FutkgtSpMMBg9s.2","action":"Commit Response", "result":"SYNCER_OK", "context":Result: SYNCER_OK. cV=dLcdGl47FutkgtSpMMBg9s.0;server=GENERAL01000004;cloudType=Consumer;environment=Prod_SoutheastAsia_000j}
{"logTime": "0213/024759", "correlationVector":"Bv1nhmPC+duKuLf65Z4oEs","action":"Commit Request", "result":"", "context":Item count: 1
Contributing types: Sessions}
{"logTime": "0213/024800", "correlationVector":"Bv1nhmPC+duKuLf65Z4oEs.1","action":"SyncServerConnectionManagerRequest", "result":"SYNC_SERVER_OK", "context":{"environment":"Prod_SoutheastAsia_000j", "server":"GENERAL0100001G"}}
{"logTime": "0213/024800", "correlationVector":"Bv1nhmPC+duKuLf65Z4oEs.2","action":"Commit Response", "result":"SYNCER_OK", "context":Result: SYNCER_OK. cV=Bv1nhmPC+duKuLf65Z4oEs.0;server=GENERAL0100001G;cloudType=Consumer;environment=Prod_SoutheastAsia_000j}
{"logTime": "0213/024840", "correlationVector":"lvjFpGXML+F7rzkPB0kJNT","action":"Commit Request", "result":"", "context":Item count: 1
Contributing types: Sessions}
{"logTime": "0213/024841", "correlationVector":"lvjFpGXML+F7rzkPB0kJNT.1","action":"SyncServerConnectionManagerRequest", "result":"SYNC_SERVER_OK", "context":{"environment":"Prod_SoutheastAsia_000j", "server":"GENERAL0100000Y"}}
{"logTime": "0213/024841", "correlationVector":"lvjFpGXML+F7rzkPB0kJNT.2","action":"Commit Response", "result":"SYNCER_OK", "context":Result: SYNCER_OK. cV=lvjFpGXML+F7rzkPB0kJNT.0;server=GENERAL0100000Y;cloudType=Consumer;environment=Prod_SoutheastAsia_000j}
{"logTime": "0213/024919", "correlationVector":"9ukHP9QD/dmgMTAAZFPo7V","action":"Commit Request", "result":"", "context":Item count: 1
Contributing types: Sessions}
{"logTime": "0213/024919", "correlationVector":"9ukHP9QD/dmgMTAAZFPo7V.1","action":"SyncServerConnectionManagerRequest", "result":"SYNC_SERVER_OK", "context":{"environment":"Prod_SoutheastAsia_000j", "server":"GENERAL0100000B"}}
{"logTime": "0213/024919", "correlationVector":"9ukHP9QD/dmgMTAAZFPo7V.2","action":"Commit Response", "result":"SYNCER_OK", "context":Result: SYNCER_OK. cV=9ukHP9QD/dmgMTAAZFPo7V.0;server=GENERAL0100000B;cloudType=Consumer;environment=Prod_SoutheastAsia_000j}
{"logTime": "0213/025127", "correlationVector":"+kWJK/SxfX46SNHWYvBZ4S","action":"Commit Request", "result":"", "context":Item count: 1
Contributing types: Sessions}
{"logTime": "0213/025128", "correlationVector":"+kWJK/SxfX46SNHWYvBZ4S.1","action":"SyncServerConnectionManagerRequest", "result":"SYNC_SERVER_OK", "context":{"environment":"Prod_SoutheastAsia_000j", "server":"GENERAL01000014"}}
{"logTime": "0213/025128", "correlationVector":"+kWJK/SxfX46SNHWYvBZ4S.2","action":"Commit Response", "result":"SYNCER_OK", "context":Result: SYNCER_OK. cV=+kWJK/SxfX46SNHWYvBZ4S.0;server=GENERAL01000014;cloudType=Consumer;environment=Prod_SoutheastAsia_000j}
{"logTime": "0213/025209", "correlationVector":"wZ/x4/v5D7t1ngx0FdLubQ","action":"Commit Request", "result":"", "context":Item count: 1
Contributing types: Sessions}
{"logTime": "0213/025209", "correlationVector":"wZ/x4/v5D7t1ngx0FdLubQ.1","action":"SyncServerConnectionManagerRequest", "result":"SYNC_SERVER_OK", "context":{"environment":"Prod_SoutheastAsia_000j", "server":"GENERAL0100001H"}}
{"logTime": "0213/025209", "correlationVector":"wZ/x4/v5D7t1ngx0FdLubQ.2","action":"Commit Response", "result":"SYNCER_OK", "context":Result: SYNCER_OK. cV=wZ/x4/v5D7t1ngx0FdLubQ.0;server=GENERAL0100001H;cloudType=Consumer;environment=Prod_SoutheastAsia_000j}
{"logTime": "0213/025247", "correlationVector":"SoR+i+ZIBO43ijtbYceeb5","action":"Commit Request", "result":"", "context":Item count: 1
Contributing types: Sessions}
{"logTime": "0213/025247", "correlationVector":"SoR+i+ZIBO43ijtbYceeb5.1","action":"SyncServerConnectionManagerRequest", "result":"SYNC_SERVER_OK", "context":{"environment":"Prod_SoutheastAsia_000j", "server":"GENERAL0100001E"}}
{"logTime": "0213/025247", "correlationVector":"SoR+i+ZIBO43ijtbYceeb5.2","action":"Commit Response", "result":"SYNCER_OK", "context":Result: SYNCER_OK. cV=SoR+i+ZIBO43ijtbYceeb5.0;server=GENERAL0100001E;cloudType=Consumer;environment=Prod_SoutheastAsia_000j}
{"logTime": "0213/025352", "correlationVector":"YWsERMhWOJIuCJmYo0cid9","action":"Commit Request", "result":"", "context":Item count: 1
Contributing types: Sessions}
{"logTime": "0213/025353", "correlationVector":"YWsERMhWOJIuCJmYo0cid9.1","action":"SyncServerConnectionManagerRequest", "result":"SYNC_SERVER_OK", "context":{"environment":"Prod_SoutheastAsia_000j", "server":"GENERAL01000017"}}
{"logTime": "0213/025353", "correlationVector":"YWsERMhWOJIuCJmYo0cid9.2","action":"Commit Response", "result":"SYNCER_OK", "context":Result: SYNCER_OK. cV=YWsERMhWOJIuCJmYo0cid9.0;server=GENERAL01000017;cloudType=Consumer;environment=Prod_SoutheastAsia_000j}
{"logTime": "0213/025431", "correlationVector":"6PUslF2KvBSBatW9wmK3Hx","action":"Commit Request", "result":"", "context":Item count: 1
Contributing types: Sessions}
{"logTime": "0213/025431", "correlationVector":"6PUslF2KvBSBatW9wmK3Hx.1","action":"SyncServerConnectionManagerRequest", "result":"SYNC_SERVER_OK", "context":{"environment":"Prod_SoutheastAsia_000j", "server":"GENERAL0100001L"}}
{"logTime": "0213/025431", "correlationVector":"6PUslF2KvBSBatW9wmK3Hx.2","action":"Commit Response", "result":"SYNCER_OK", "context":Result: SYNCER_OK. cV=6PUslF2KvBSBatW9wmK3Hx.0;server=GENERAL0100001L;cloudType=Consumer;environment=Prod_SoutheastAsia_000j}
{"logTime": "0213/025521", "correlationVector":"9s/o03Cjyg/hU8jEJD7dHt","action":"Commit Request", "result":"", "context":Item count: 1
Contributing types: Sessions}
{"logTime": "0213/025521", "correlationVector":"9s/o03Cjyg/hU8jEJD7dHt.1","action":"SyncServerConnectionManagerRequest", "result":"SYNC_SERVER_OK", "context":{"environment":"Prod_SoutheastAsia_000j", "server":"GENERAL0100001B"}}
{"logTime": "0213/025521", "correlationVector":"9s/o03Cjyg/hU8jEJD7dHt.2","action":"Commit Response", "result":"SYNCER_OK", "context":Result: SYNCER_OK. cV=9s/o03Cjyg/hU8jEJD7dHt.0;server=GENERAL0100001B;cloudType=Consumer;environment=Prod_SoutheastAsia_000j}
{"logTime": "0213/025553", "correlationVector":"isNr4Ik6n5v3WQcE8M3chx","action":"Commit Request", "result":"", "context":Item count: 1
Contributing types: Sessions}
{"logTime": "0213/025553", "correlationVector":"isNr4Ik6n5v3WQcE8M3chx.1","action":"SyncServerConnectionManagerRequest", "result":"SYNC_SERVER_OK", "context":{"environment":"Prod_SoutheastAsia_000j", "server":"GENERAL0100001D"}}
{"logTime": "0213/025553", "correlationVector":"isNr4Ik6n5v3WQcE8M3chx.2","action":"Commit Response", "result":"SYNCER_OK", "context":Result: SYNCER_OK. cV=isNr4Ik6n5v3WQcE8M3chx.0;server=GENERAL0100001D;cloudType=Consumer;environment=Prod_SoutheastAsia_000j}
{"logTime": "0213/025623", "correlationVector":"r12DKwESH17rB8GGLihjmZ","action":"Commit Request", "result":"", "context":Item count: 1
Contributing types: Sessions}
{"logTime": "0213/025624", "correlationVector":"r12DKwESH17rB8GGLihjmZ.1","action":"SyncServerConnectionManagerRequest", "result":"SYNC_SERVER_OK", "context":{"environment":"Prod_SoutheastAsia_000j", "server":"GENERAL01000018"}}
{"logTime": "0213/025624", "correlationVector":"r12DKwESH17rB8GGLihjmZ.2","action":"Commit Response", "result":"SYNCER_OK", "context":Result: SYNCER_OK. cV=r12DKwESH17rB8GGLihjmZ.0;server=GENERAL01000018;cloudType=Consumer;environment=Prod_SoutheastAsia_000j}
{"logTime": "0213/025704", "correlationVector":"HnHjVkEwarU2Gbx7a0OzW2","action":"Commit Request", "result":"", "context":Item count: 1
Contributing types: Sessions}
{"logTime": "0213/025704", "correlationVector":"HnHjVkEwarU2Gbx7a0OzW2.1","action":"SyncServerConnectionManagerRequest", "result":"SYNC_SERVER_OK", "context":{"environment":"Prod_SoutheastAsia_000j", "server":"GENERAL0100001E"}}
{"logTime": "0213/025704", "correlationVector":"HnHjVkEwarU2Gbx7a0OzW2.2","action":"Commit Response", "result":"SYNCER_OK", "context":Result: SYNCER_OK. cV=HnHjVkEwarU2Gbx7a0OzW2.0;server=GENERAL0100001E;cloudType=Consumer;environment=Prod_SoutheastAsia_000j}
{"logTime": "0213/025741", "correlationVector":"KRE0qV7K33U9ePqdeaTOBx","action":"Commit Request", "result":"", "context":Item count: 1
Contributing types: Sessions}
{"logTime": "0213/025741", "correlationVector":"KRE0qV7K33U9ePqdeaTOBx.1","action":"SyncServerConnectionManagerRequest", "result":"SYNC_SERVER_OK", "context":{"environment":"Prod_SoutheastAsia_000j", "server":"GENERAL0100000I"}}
{"logTime": "0213/025741", "correlationVector":"KRE0qV7K33U9ePqdeaTOBx.2","action":"Commit Response", "result":"SYNCER_OK", "context":Result: SYNCER_OK. cV=KRE0qV7K33U9ePqdeaTOBx.0;server=GENERAL0100000I;cloudType=Consumer;environment=Prod_SoutheastAsia_000j}
{"logTime": "0213/025818", "correlationVector":"2jOgSDZNj07IHJy8cVVHkk","action":"Commit Request", "result":"", "context":Item count: 1
Contributing types: Sessions}
{"logTime": "0213/025819", "correlationVector":"2jOgSDZNj07IHJy8cVVHkk.1","action":"SyncServerConnectionManagerRequest", "result":"SYNC_SERVER_OK", "context":{"environment":"Prod_SoutheastAsia_000j", "server":"GENERAL01000003"}}
{"logTime": "0213/025819", "correlationVector":"2jOgSDZNj07IHJy8cVVHkk.2","action":"Commit Response", "result":"SYNCER_OK", "context":Result: SYNCER_OK. cV=2jOgSDZNj07IHJy8cVVHkk.0;server=GENERAL01000003;cloudType=Consumer;environment=Prod_SoutheastAsia_000j}
{"logTime": "0213/025852", "correlationVector":"GrnIflMXbpXatNyvv51Jcq","action":"Commit Request", "result":"", "context":Item count: 1
Contributing types: Sessions}
{"logTime": "0213/025852", "correlationVector":"GrnIflMXbpXatNyvv51Jcq.1","action":"SyncServerConnectionManagerRequest", "result":"SYNC_SERVER_OK", "context":{"environment":"Prod_SoutheastAsia_000j", "server":"GENERAL0100001C"}}
{"logTime": "0213/025852", "correlationVector":"GrnIflMXbpXatNyvv51Jcq.2","action":"Commit Response", "result":"SYNCER_OK", "context":Result: SYNCER_OK. cV=GrnIflMXbpXatNyvv51Jcq.0;server=GENERAL0100001C;cloudType=Consumer;environment=Prod_SoutheastAsia_000j}
{"logTime": "0213/025923", "correlationVector":"gG2VYjadC77EALukdeW6Wd","action":"Commit Request", "result":"", "context":Item count: 1
Contributing types: Sessions}
{"logTime": "0213/025924", "correlationVector":"gG2VYjadC77EALukdeW6Wd.1","action":"SyncServerConnectionManagerRequest", "result":"SYNC_SERVER_OK", "context":{"environment":"Prod_SoutheastAsia_000j", "server":"GENERAL0100000C"}}
{"logTime": "0213/025924", "correlationVector":"gG2VYjadC77EALukdeW6Wd.2","action":"Commit Response", "result":"SYNCER_OK", "context":Result: SYNCER_OK. cV=gG2VYjadC77EALukdeW6Wd.0;server=GENERAL0100000C;cloudType=Consumer;environment=Prod_SoutheastAsia_000j}
{"logTime": "0213/025955", "correlationVector":"4HoQB3SIW423sY3QA6SoiB","action":"Commit Request", "result":"", "context":Item count: 1
Contributing types: Sessions}
{"logTime": "0213/025956", "correlationVector":"4HoQB3SIW423sY3QA6SoiB.1","action":"SyncServerConnectionManagerRequest", "result":"SYNC_SERVER_OK", "context":{"environment":"Prod_SoutheastAsia_000j", "server":"GENERAL01000013"}}
{"logTime": "0213/025956", "correlationVector":"4HoQB3SIW423sY3QA6SoiB.2","action":"Commit Response", "result":"SYNCER_OK", "context":Result: SYNCER_OK. cV=4HoQB3SIW423sY3QA6SoiB.0;server=GENERAL01000013;cloudType=Consumer;environment=Prod_SoutheastAsia_000j}
{"logTime": "0213/030210", "correlationVector":"UMjDKw48qlv2OJDfdCqtd+","action":"Commit Request", "result":"", "context":Item count: 1
Contributing types: Sessions}
{"logTime": "0213/030210", "correlationVector":"UMjDKw48qlv2OJDfdCqtd+.1","action":"SyncServerConnectionManagerRequest", "result":"SYNC_SERVER_OK", "context":{"environment":"Prod_SoutheastAsia_000j", "server":"GENERAL0100001F"}}
{"logTime": "0213/030210", "correlationVector":"UMjDKw48qlv2OJDfdCqtd+.2","action":"Commit Response", "result":"SYNCER_OK", "context":Result: SYNCER_OK. cV=UMjDKw48qlv2OJDfdCqtd+.0;server=GENERAL0100001F;cloudType=Consumer;environment=Prod_SoutheastAsia_000j}
{"logTime": "0213/030326", "correlationVector":"ptKioIqkoc1QaPxaYW/b6L","action":"Commit Request", "result":"", "context":Item count: 1
Contributing types: Sessions}
{"logTime": "0213/030326", "correlationVector":"ptKioIqkoc1QaPxaYW/b6L.1","action":"SyncServerConnectionManagerRequest", "result":"SYNC_SERVER_OK", "context":{"environment":"Prod_SoutheastAsia_000j", "server":"GENERAL0100001D"}}
{"logTime": "0213/030326", "correlationVector":"ptKioIqkoc1QaPxaYW/b6L.2","action":"Commit Response", "result":"SYNCER_OK", "context":Result: SYNCER_OK. cV=ptKioIqkoc1QaPxaYW/b6L.0;server=GENERAL0100001D;cloudType=Consumer;environment=Prod_SoutheastAsia_000j}
{"logTime": "0213/030355", "correlationVector":"T0jaYX5rKuZOJ2oQR9pokm","action":"Commit Request", "result":"", "context":Item count: 1
Contributing types: Sessions}
{"logTime": "0213/030356", "correlationVector":"T0jaYX5rKuZOJ2oQR9pokm.1","action":"SyncServerConnectionManagerRequest", "result":"SYNC_SERVER_OK", "context":{"environment":"Prod_SoutheastAsia_000j", "server":"GENERAL01000008"}}
{"logTime": "0213/030356", "correlationVector":"T0jaYX5rKuZOJ2oQR9pokm.2","action":"Commit Response", "result":"SYNCER_OK", "context":Result: SYNCER_OK. cV=T0jaYX5rKuZOJ2oQR9pokm.0;server=GENERAL01000008;cloudType=Consumer;environment=Prod_SoutheastAsia_000j}
{"logTime": "0213/030539", "correlationVector":"cOlxwS3gjIcAMPSrmhZMKw","action":"Commit Request", "result":"", "context":Item count: 1
Contributing types: Sessions}
{"logTime": "0213/030539", "correlationVector":"cOlxwS3gjIcAMPSrmhZMKw.1","action":"SyncServerConnectionManagerRequest", "result":"SYNC_SERVER_OK", "context":{"environment":"Prod_SoutheastAsia_000j", "server":"GENERAL0100000E"}}
{"logTime": "0213/030539", "correlationVector":"cOlxwS3gjIcAMPSrmhZMKw.2","action":"Commit Response", "result":"SYNCER_OK", "context":Result: SYNCER_OK. cV=cOlxwS3gjIcAMPSrmhZMKw.0;server=GENERAL0100000E;cloudType=Consumer;environment=Prod_SoutheastAsia_000j}
{"logTime": "0213/030638", "correlationVector":"ztJnaaRYWjuH96DkkVE6Ff","action":"Commit Request", "result":"", "context":Item count: 1
Contributing types: Sessions}
{"logTime": "0213/030638", "correlationVector":"ztJnaaRYWjuH96DkkVE6Ff.1","action":"SyncServerConnectionManagerRequest", "result":"SYNC_SERVER_OK", "context":{"environment":"Prod_SoutheastAsia_000j", "server":"GENERAL01000010"}}
{"logTime": "0213/030638", "correlationVector":"ztJnaaRYWjuH96DkkVE6Ff.2","action":"Commit Response", "result":"SYNCER_OK", "context":Result: SYNCER_OK. cV=ztJnaaRYWjuH96DkkVE6Ff.0;server=GENERAL01000010;cloudType=Consumer;environment=Prod_SoutheastAsia_000j}
{"logTime": "0213/030709", "correlationVector":"uAw645i9Tb2OcFPvyseVox","action":"Commit Request", "result":"", "context":Item count: 1
Contributing types: Sessions}
{"logTime": "0213/030709", "correlationVector":"uAw645i9Tb2OcFPvyseVox.1","action":"SyncServerConnectionManagerRequest", "result":"SYNC_SERVER_OK", "context":{"environment":"Prod_SoutheastAsia_000j", "server":"GENERAL01000014"}}
{"logTime": "0213/030709", "correlationVector":"uAw645i9Tb2OcFPvyseVox.2","action":"Commit Response", "result":"SYNCER_OK", "context":Result: SYNCER_OK. cV=uAw645i9Tb2OcFPvyseVox.0;server=GENERAL01000014;cloudType=Consumer;environment=Prod_SoutheastAsia_000j}
{"logTime": "0213/030740", "correlationVector":"cZqUhn9nZTM0ZjrmF0Lych","action":"Commit Request", "result":"", "context":Item count: 1
Contributing types: Sessions}
{"logTime": "0213/030741", "correlationVector":"cZqUhn9nZTM0ZjrmF0Lych.1","action":"SyncServerConnectionManagerRequest", "result":"SYNC_SERVER_OK", "context":{"environment":"Prod_SoutheastAsia_000j", "server":"GENERAL0100000Q"}}
{"logTime": "0213/030741", "correlationVector":"cZqUhn9nZTM0ZjrmF0Lych.2","action":"Commit Response", "result":"SYNCER_OK", "context":Result: SYNCER_OK. cV=cZqUhn9nZTM0ZjrmF0Lych.0;server=GENERAL0100000Q;cloudType=Consumer;environment=Prod_SoutheastAsia_000j}
{"logTime": "0213/030827", "correlationVector":"g6LGxWKoLddXr1ZFb5W3bw","action":"Commit Request", "result":"", "context":Item count: 1
Contributing types: Sessions}
{"logTime": "0213/030830", "correlationVector":"g6LGxWKoLddXr1ZFb5W3bw.1","action":"SyncServerConnectionManagerRequest", "result":"SYNC_SERVER_OK", "context":{"environment":"Prod_SoutheastAsia_000j", "server":"GENERAL0100001L"}}
{"logTime": "0213/030830", "correlationVector":"g6LGxWKoLddXr1ZFb5W3bw.2","action":"Commit Response", "result":"SYNCER_OK", "context":Result: SYNCER_OK. cV=g6LGxWKoLddXr1ZFb5W3bw.0;server=GENERAL0100001L;cloudType=Consumer;environment=Prod_SoutheastAsia_000j}
{"logTime": "0213/030900", "correlationVector":"vIl84lDcfgoYn1wzwG8awx","action":"Commit Request", "result":"", "context":Item count: 1
Contributing types: Sessions}
{"logTime": "0213/030900", "correlationVector":"vIl84lDcfgoYn1wzwG8awx.1","action":"SyncServerConnectionManagerRequest", "result":"SYNC_SERVER_OK", "context":{"environment":"Prod_SoutheastAsia_000j", "server":"GENERAL0100000Q"}}
{"logTime": "0213/030900", "correlationVector":"vIl84lDcfgoYn1wzwG8awx.2","action":"Commit Response", "result":"SYNCER_OK", "context":Result: SYNCER_OK. cV=vIl84lDcfgoYn1wzwG8awx.0;server=GENERAL0100000Q;cloudType=Consumer;environment=Prod_SoutheastAsia_000j}
{"logTime": "0213/031200", "correlationVector":"o/pcaeiPqZbzKCV4TCjLwO","action":"Commit Request", "result":"", "context":Item count: 1
Contributing types: Sessions}
{"logTime": "0213/031201", "correlationVector":"o/pcaeiPqZbzKCV4TCjLwO.1","action":"SyncServerConnectionManagerRequest", "result":"SYNC_SERVER_OK", "context":{"environment":"Prod_SoutheastAsia_000j", "server":"GENERAL0100001C"}}
{"logTime": "0213/031201", "correlationVector":"o/pcaeiPqZbzKCV4TCjLwO.2","action":"Commit Response", "result":"SYNCER_OK", "context":Result: SYNCER_OK. cV=o/pcaeiPqZbzKCV4TCjLwO.0;server=GENERAL0100001C;cloudType=Consumer;environment=Prod_SoutheastAsia_000j}
{"logTime": "0213/031234", "correlationVector":"9vlzqxCLlraXzVlsbANP/G","action":"Commit Request", "result":"", "context":Item count: 1
Contributing types: Sessions}
{"logTime": "0213/031234", "correlationVector":"9vlzqxCLlraXzVlsbANP/G.1","action":"SyncServerConnectionManagerRequest", "result":"SYNC_SERVER_OK", "context":{"environment":"Prod_SoutheastAsia_000j", "server":"GENERAL01000014"}}
{"logTime": "0213/031234", "correlationVector":"9vlzqxCLlraXzVlsbANP/G.2","action":"Commit Response", "result":"SYNCER_OK", "context":Result: SYNCER_OK. cV=9vlzqxCLlraXzVlsbANP/G.0;server=GENERAL01000014;cloudType=Consumer;environment=Prod_SoutheastAsia_000j}
{"logTime": "0213/031417", "correlationVector":"11vmDcH5BfUj8VX9qy9X0X","action":"Commit Request", "result":"", "context":Item count: 1
Contributing types: Sessions}
{"logTime": "0213/031417", "correlationVector":"11vmDcH5BfUj8VX9qy9X0X.1","action":"SyncServerConnectionManagerRequest", "result":"SYNC_SERVER_OK", "context":{"environment":"Prod_SoutheastAsia_000j", "server":"GENERAL01000015"}}
{"logTime": "0213/031417", "correlationVector":"11vmDcH5BfUj8VX9qy9X0X.2","action":"Commit Response", "result":"SYNCER_OK", "context":Result: SYNCER_OK. cV=11vmDcH5BfUj8VX9qy9X0X.0;server=GENERAL01000015;cloudType=Consumer;environment=Prod_SoutheastAsia_000j}
{"logTime": "0213/031552", "correlationVector":"h8BgMrA5OpuPuP2Ge+fCcg","action":"Commit Request", "result":"", "context":Item count: 1
Contributing types: Sessions}
{"logTime": "0213/031553", "correlationVector":"h8BgMrA5OpuPuP2Ge+fCcg.1","action":"SyncServerConnectionManagerRequest", "result":"SYNC_SERVER_OK", "context":{"environment":"Prod_SoutheastAsia_000j", "server":"GENERAL0100000P"}}
{"logTime": "0213/031553", "correlationVector":"h8BgMrA5OpuPuP2Ge+fCcg.2","action":"Commit Response", "result":"SYNCER_OK", "context":Result: SYNCER_OK. cV=h8BgMrA5OpuPuP2Ge+fCcg.0;server=GENERAL0100000P;cloudType=Consumer;environment=Prod_SoutheastAsia_000j}
{"logTime": "0213/031647", "correlationVector":"ZLZvB2kq20PiOTGVGqQHRd","action":"Commit Request", "result":"", "context":Item count: 1
Contributing types: Sessions}
{"logTime": "0213/031647", "correlationVector":"ZLZvB2kq20PiOTGVGqQHRd.1","action":"SyncServerConnectionManagerRequest", "result":"SYNC_SERVER_OK", "context":{"environment":"Prod_SoutheastAsia_000j", "server":"GENERAL0100000P"}}
{"logTime": "0213/031647", "correlationVector":"ZLZvB2kq20PiOTGVGqQHRd.2","action":"Commit Response", "result":"SYNCER_OK", "context":Result: SYNCER_OK. cV=ZLZvB2kq20PiOTGVGqQHRd.0;server=GENERAL0100000P;cloudType=Consumer;environment=Prod_SoutheastAsia_000j}
{"logTime": "0213/031738", "correlationVector":"pU7znjc3SwbsT5PZK8+ZCp","action":"Commit Request", "result":"", "context":Item count: 1
Contributing types: Sessions}
{"logTime": "0213/031738", "correlationVector":"pU7znjc3SwbsT5PZK8+ZCp.1","action":"SyncServerConnectionManagerRequest", "result":"SYNC_SERVER_OK", "context":{"environment":"Prod_SoutheastAsia_000j", "server":"GENERAL01000014"}}
{"logTime": "0213/031738", "correlationVector":"pU7znjc3SwbsT5PZK8+ZCp.2","action":"Commit Response", "result":"SYNCER_OK", "context":Result: SYNCER_OK. cV=pU7znjc3SwbsT5PZK8+ZCp.0;server=GENERAL01000014;cloudType=Consumer;environment=Prod_SoutheastAsia_000j}
{"logTime": "0213/031817", "correlationVector":"Yneipwi8yGG+a5aOePhMzk","action":"Commit Request", "result":"", "context":Item count: 1
Contributing types: Sessions}
{"logTime": "0213/031817", "correlationVector":"Yneipwi8yGG+a5aOePhMzk.1","action":"SyncServerConnectionManagerRequest", "result":"SYNC_SERVER_OK", "context":{"environment":"Prod_SoutheastAsia_000j", "server":"GENERAL01000008"}}
{"logTime": "0213/031817", "correlationVector":"Yneipwi8yGG+a5aOePhMzk.2","action":"Commit Response", "result":"SYNCER_OK", "context":Result: SYNCER_OK. cV=Yneipwi8yGG+a5aOePhMzk.0;server=GENERAL01000008;cloudType=Consumer;environment=Prod_SoutheastAsia_000j}
{"logTime": "0213/031916", "correlationVector":"XpRy503oYUupY9ryZz2Hs5","action":"Commit Request", "result":"", "context":Item count: 1
Contributing types: Sessions}
{"logTime": "0213/031916", "correlationVector":"XpRy503oYUupY9ryZz2Hs5.1","action":"SyncServerConnectionManagerRequest", "result":"SYNC_SERVER_OK", "context":{"environment":"Prod_SoutheastAsia_000j", "server":"GENERAL0100000O"}}
{"logTime": "0213/031916", "correlationVector":"XpRy503oYUupY9ryZz2Hs5.2","action":"Commit Response", "result":"SYNCER_OK", "context":Result: SYNCER_OK. cV=XpRy503oYUupY9ryZz2Hs5.0;server=GENERAL0100000O;cloudType=Consumer;environment=Prod_SoutheastAsia_000j}
{"logTime": "0213/032004", "correlationVector":"GxgLA7GxvJPIEgmOBNZPKq","action":"Commit Request", "result":"", "context":Item count: 1
Contributing types: Sessions}
{"logTime": "0213/032004", "correlationVector":"GxgLA7GxvJPIEgmOBNZPKq.1","action":"SyncServerConnectionManagerRequest", "result":"SYNC_SERVER_OK", "context":{"environment":"Prod_SoutheastAsia_000j", "server":"GENERAL01000011"}}
{"logTime": "0213/032004", "correlationVector":"GxgLA7GxvJPIEgmOBNZPKq.2","action":"Commit Response", "result":"SYNCER_OK", "context":Result: SYNCER_OK. cV=GxgLA7GxvJPIEgmOBNZPKq.0;server=GENERAL01000011;cloudType=Consumer;environment=Prod_SoutheastAsia_000j}
{"logTime": "0213/032052", "correlationVector":"p1lqYozXwC31Sqbu+MLHhG","action":"Commit Request", "result":"", "context":Item count: 1
Contributing types: Sessions}
{"logTime": "0213/032052", "correlationVector":"p1lqYozXwC31Sqbu+MLHhG.1","action":"SyncServerConnectionManagerRequest", "result":"SYNC_SERVER_OK", "context":{"environment":"Prod_SoutheastAsia_000j", "server":"GENERAL01000006"}}
{"logTime": "0213/032052", "correlationVector":"p1lqYozXwC31Sqbu+MLHhG.2","action":"Commit Response", "result":"SYNCER_OK", "context":Result: SYNCER_OK. cV=p1lqYozXwC31Sqbu+MLHhG.0;server=GENERAL01000006;cloudType=Consumer;environment=Prod_SoutheastAsia_000j}
{"logTime": "0213/032203", "correlationVector":"zDspVYlZQEl5/wmxdcdg0R","action":"Commit Request", "result":"", "context":Item count: 1
Contributing types: Sessions}
{"logTime": "0213/032203", "correlationVector":"zDspVYlZQEl5/wmxdcdg0R.1","action":"SyncServerConnectionManagerRequest", "result":"SYNC_SERVER_OK", "context":{"environment":"Prod_SoutheastAsia_000j", "server":"GENERAL0100000V"}}
{"logTime": "0213/032203", "correlationVector":"zDspVYlZQEl5/wmxdcdg0R.2","action":"Commit Response", "result":"SYNCER_OK", "context":Result: SYNCER_OK. cV=zDspVYlZQEl5/wmxdcdg0R.0;server=GENERAL0100000V;cloudType=Consumer;environment=Prod_SoutheastAsia_000j}
{"logTime": "0213/032252", "correlationVector":"2ti0XD8sAZQ2sKGw+BRUG1","action":"Commit Request", "result":"", "context":Item count: 1
Contributing types: Sessions}
{"logTime": "0213/032252", "correlationVector":"2ti0XD8sAZQ2sKGw+BRUG1.1","action":"SyncServerConnectionManagerRequest", "result":"SYNC_SERVER_OK", "context":{"environment":"Prod_SoutheastAsia_000j", "server":"GENERAL01000012"}}
{"logTime": "0213/032252", "correlationVector":"2ti0XD8sAZQ2sKGw+BRUG1.2","action":"Commit Response", "result":"SYNCER_OK", "context":Result: SYNCER_OK. cV=2ti0XD8sAZQ2sKGw+BRUG1.0;server=GENERAL01000012;cloudType=Consumer;environment=Prod_SoutheastAsia_000j}
{"logTime": "0213/032326", "correlationVector":"NBLepOCqVP6GkJC69u+YOc","action":"Commit Request", "result":"", "context":Item count: 1
Contributing types: Sessions}
{"logTime": "0213/032326", "correlationVector":"NBLepOCqVP6GkJC69u+YOc.1","action":"SyncServerConnectionManagerRequest", "result":"SYNC_SERVER_OK", "context":{"environment":"Prod_SoutheastAsia_000j", "server":"GENERAL0100000Y"}}
{"logTime": "0213/032326", "correlationVector":"NBLepOCqVP6GkJC69u+YOc.2","action":"Commit Response", "result":"SYNCER_OK", "context":Result: SYNCER_OK. cV=NBLepOCqVP6GkJC69u+YOc.0;server=GENERAL0100000Y;cloudType=Consumer;environment=Prod_SoutheastAsia_000j}
{"logTime": "0213/032400", "correlationVector":"3bdyj1ZSxhPyf4DasQJFkC","action":"Commit Request", "result":"", "context":Item count: 1
Contributing types: Sessions}
{"logTime": "0213/032400", "correlationVector":"3bdyj1ZSxhPyf4DasQJFkC.1","action":"SyncServerConnectionManagerRequest", "result":"SYNC_SERVER_OK", "context":{"environment":"Prod_SoutheastAsia_000j", "server":"GENERAL0100000Y"}}
{"logTime": "0213/032400", "correlationVector":"3bdyj1ZSxhPyf4DasQJFkC.2","action":"Commit Response", "result":"SYNCER_OK", "context":Result: SYNCER_OK. cV=3bdyj1ZSxhPyf4DasQJFkC.0;server=GENERAL0100000Y;cloudType=Consumer;environment=Prod_SoutheastAsia_000j}
{"logTime": "0213/032439", "correlationVector":"cTCQhyBhpbdWiNOlioA6B3","action":"Commit Request", "result":"", "context":Item count: 1
Contributing types: Sessions}
{"logTime": "0213/032440", "correlationVector":"cTCQhyBhpbdWiNOlioA6B3.1","action":"SyncServerConnectionManagerRequest", "result":"SYNC_SERVER_OK", "context":{"environment":"Prod_SoutheastAsia_000j", "server":"GENERAL0100000K"}}
{"logTime": "0213/032440", "correlationVector":"cTCQhyBhpbdWiNOlioA6B3.2","action":"Commit Response", "result":"SYNCER_OK", "context":Result: SYNCER_OK. cV=cTCQhyBhpbdWiNOlioA6B3.0;server=GENERAL0100000K;cloudType=Consumer;environment=Prod_SoutheastAsia_000j}
{"logTime": "0213/032914", "correlationVector":"j3qhK1jzbfna6OvQcqR8jo","action":"Commit Request", "result":"", "context":Item count: 1
Contributing types: Sessions}
{"logTime": "0213/032915", "correlationVector":"j3qhK1jzbfna6OvQcqR8jo.1","action":"SyncServerConnectionManagerRequest", "result":"SYNC_SERVER_OK", "context":{"environment":"Prod_SoutheastAsia_000j", "server":"GENERAL01000017"}}
{"logTime": "0213/032915", "correlationVector":"j3qhK1jzbfna6OvQcqR8jo.2","action":"Commit Response", "result":"SYNCER_OK", "context":Result: SYNCER_OK. cV=j3qhK1jzbfna6OvQcqR8jo.0;server=GENERAL01000017;cloudType=Consumer;environment=Prod_SoutheastAsia_000j}
{"logTime": "0213/032955", "correlationVector":"XUbLiqS50GWuAtcP/sS1BB","action":"Commit Request", "result":"", "context":Item count: 1
Contributing types: Sessions}
{"logTime": "0213/032955", "correlationVector":"XUbLiqS50GWuAtcP/sS1BB.1","action":"SyncServerConnectionManagerRequest", "result":"SYNC_SERVER_OK", "context":{"environment":"Prod_SoutheastAsia_000j", "server":"GENERAL01000000"}}
{"logTime": "0213/032955", "correlationVector":"XUbLiqS50GWuAtcP/sS1BB.2","action":"Commit Response", "result":"SYNCER_OK", "context":Result: SYNCER_OK. cV=XUbLiqS50GWuAtcP/sS1BB.0;server=GENERAL01000000;cloudType=Consumer;environment=Prod_SoutheastAsia_000j}
{"logTime": "0213/033026", "correlationVector":"aslQnYgLukU40BIABboOxQ","action":"Commit Request", "result":"", "context":Item count: 1
Contributing types: Sessions}
{"logTime": "0213/033026", "correlationVector":"aslQnYgLukU40BIABboOxQ.1","action":"SyncServerConnectionManagerRequest", "result":"SYNC_SERVER_OK", "context":{"environment":"Prod_SoutheastAsia_000j", "server":"GENERAL0100000Z"}}
{"logTime": "0213/033026", "correlationVector":"aslQnYgLukU40BIABboOxQ.2","action":"Commit Response", "result":"SYNCER_OK", "context":Result: SYNCER_OK. cV=aslQnYgLukU40BIABboOxQ.0;server=GENERAL0100000Z;cloudType=Consumer;environment=Prod_SoutheastAsia_000j}
{"logTime": "0213/033102", "correlationVector":"F5lFA4By9pszT+0CZtTqns","action":"Commit Request", "result":"", "context":Item count: 1
Contributing types: Sessions}
{"logTime": "0213/033102", "correlationVector":"F5lFA4By9pszT+0CZtTqns.1","action":"SyncServerConnectionManagerRequest", "result":"SYNC_SERVER_OK", "context":{"environment":"Prod_SoutheastAsia_000j", "server":"GENERAL0100000S"}}
{"logTime": "0213/033102", "correlationVector":"F5lFA4By9pszT+0CZtTqns.2","action":"Commit Response", "result":"SYNCER_OK", "context":Result: SYNCER_OK. cV=F5lFA4By9pszT+0CZtTqns.0;server=GENERAL0100000S;cloudType=Consumer;environment=Prod_SoutheastAsia_000j}
{"logTime": "0213/033142", "correlationVector":"+w3rnpZveo8NX5p3WO5UkG","action":"Commit Request", "result":"", "context":Item count: 1
Contributing types: Sessions}
{"logTime": "0213/033143", "correlationVector":"+w3rnpZveo8NX5p3WO5UkG.1","action":"SyncServerConnectionManagerRequest", "result":"SYNC_SERVER_OK", "context":{"environment":"Prod_SoutheastAsia_000j", "server":"GENERAL01000016"}}
{"logTime": "0213/033143", "correlationVector":"+w3rnpZveo8NX5p3WO5UkG.2","action":"Commit Response", "result":"SYNCER_OK", "context":Result: SYNCER_OK. cV=+w3rnpZveo8NX5p3WO5UkG.0;server=GENERAL01000016;cloudType=Consumer;environment=Prod_SoutheastAsia_000j}
{"logTime": "0213/033435", "correlationVector":"quUlCTIEE9qg6//TmUJnwq","action":"Commit Request", "result":"", "context":Item count: 1
Contributing types: Sessions}
{"logTime": "0213/033436", "correlationVector":"quUlCTIEE9qg6//TmUJnwq.1","action":"SyncServerConnectionManagerRequest", "result":"SYNC_SERVER_OK", "context":{"environment":"Prod_SoutheastAsia_000j", "server":"GENERAL0100000X"}}
{"logTime": "0213/033436", "correlationVector":"quUlCTIEE9qg6//TmUJnwq.2","action":"Commit Response", "result":"SYNCER_OK", "context":Result: SYNCER_OK. cV=quUlCTIEE9qg6//TmUJnwq.0;server=GENERAL0100000X;cloudType=Consumer;environment=Prod_SoutheastAsia_000j}
{"logTime": "0213/033635", "correlationVector":"IieWT5Y9fYYVnQWEXuIH1U","action":"Commit Request", "result":"", "context":Item count: 1
Contributing types: Sessions}
{"logTime": "0213/033636", "correlationVector":"IieWT5Y9fYYVnQWEXuIH1U.1","action":"SyncServerConnectionManagerRequest", "result":"SYNC_SERVER_OK", "context":{"environment":"Prod_SoutheastAsia_000j", "server":"GENERAL0100000M"}}
{"logTime": "0213/033636", "correlationVector":"IieWT5Y9fYYVnQWEXuIH1U.2","action":"Commit Response", "result":"SYNCER_OK", "context":Result: SYNCER_OK. cV=IieWT5Y9fYYVnQWEXuIH1U.0;server=GENERAL0100000M;cloudType=Consumer;environment=Prod_SoutheastAsia_000j}
{"logTime": "0213/033709", "correlationVector":"ZpxZ10Vt5NY6kpbvqK7GsD","action":"Commit Request", "result":"", "context":Item count: 1
Contributing types: Sessions}
{"logTime": "0213/033709", "correlationVector":"ZpxZ10Vt5NY6kpbvqK7GsD.1","action":"SyncServerConnectionManagerRequest", "result":"SYNC_SERVER_OK", "context":{"environment":"Prod_SoutheastAsia_000j", "server":"GENERAL0100000E"}}
{"logTime": "0213/033709", "correlationVector":"ZpxZ10Vt5NY6kpbvqK7GsD.2","action":"Commit Response", "result":"SYNCER_OK", "context":Result: SYNCER_OK. cV=ZpxZ10Vt5NY6kpbvqK7GsD.0;server=GENERAL0100000E;cloudType=Consumer;environment=Prod_SoutheastAsia_000j}
{"logTime": "0213/033752", "correlationVector":"dYP+ztTL/zUcoPXpwYSLFy","action":"Commit Request", "result":"", "context":Item count: 1
Contributing types: Sessions}
{"logTime": "0213/033753", "correlationVector":"dYP+ztTL/zUcoPXpwYSLFy.1","action":"SyncServerConnectionManagerRequest", "result":"SYNC_SERVER_OK", "context":{"environment":"Prod_SoutheastAsia_000j", "server":"GENERAL0100001I"}}
{"logTime": "0213/033753", "correlationVector":"dYP+ztTL/zUcoPXpwYSLFy.2","action":"Commit Response", "result":"SYNCER_OK", "context":Result: SYNCER_OK. cV=dYP+ztTL/zUcoPXpwYSLFy.0;server=GENERAL0100001I;cloudType=Consumer;environment=Prod_SoutheastAsia_000j}
{"logTime": "0213/033848", "correlationVector":"25usKrW7HKo1SLCNfekw3y","action":"Commit Request", "result":"", "context":Item count: 1
Contributing types: Sessions}
{"logTime": "0213/033849", "correlationVector":"25usKrW7HKo1SLCNfekw3y.1","action":"SyncServerConnectionManagerRequest", "result":"SYNC_SERVER_OK", "context":{"environment":"Prod_SoutheastAsia_000j", "server":"GENERAL0100001F"}}
{"logTime": "0213/033849", "correlationVector":"25usKrW7HKo1SLCNfekw3y.2","action":"Commit Response", "result":"SYNCER_OK", "context":Result: SYNCER_OK. cV=25usKrW7HKo1SLCNfekw3y.0;server=GENERAL0100001F;cloudType=Consumer;environment=Prod_SoutheastAsia_000j}
{"logTime": "0213/034013", "correlationVector":"HTAixQvuzNSrtqL/oA43pJ","action":"Commit Request", "result":"", "context":Item count: 1
Contributing types: Sessions}
{"logTime": "0213/034013", "correlationVector":"HTAixQvuzNSrtqL/oA43pJ.1","action":"SyncServerConnectionManagerRequest", "result":"SYNC_SERVER_OK", "context":{"environment":"Prod_SoutheastAsia_000j", "server":"GENERAL01000012"}}
{"logTime": "0213/034013", "correlationVector":"HTAixQvuzNSrtqL/oA43pJ.2","action":"Commit Response", "result":"SYNCER_OK", "context":Result: SYNCER_OK. cV=HTAixQvuzNSrtqL/oA43pJ.0;server=GENERAL01000012;cloudType=Consumer;environment=Prod_SoutheastAsia_000j}
{"logTime": "0213/034139", "correlationVector":"U5S6KWHmnLeuQRrgtooEej","action":"Commit Request", "result":"", "context":Item count: 1
Contributing types: Sessions}
{"logTime": "0213/034139", "correlationVector":"U5S6KWHmnLeuQRrgtooEej.1","action":"SyncServerConnectionManagerRequest", "result":"SYNC_SERVER_OK", "context":{"environment":"Prod_SoutheastAsia_000j", "server":"GENERAL0100001D"}}
{"logTime": "0213/034139", "correlationVector":"U5S6KWHmnLeuQRrgtooEej.2","action":"Commit Response", "result":"SYNCER_OK", "context":Result: SYNCER_OK. cV=U5S6KWHmnLeuQRrgtooEej.0;server=GENERAL0100001D;cloudType=Consumer;environment=Prod_SoutheastAsia_000j}
{"logTime": "0213/034214", "correlationVector":"CL17rmS5OSVTI49LlOdMCT","action":"Commit Request", "result":"", "context":Item count: 1
Contributing types: Sessions}
{"logTime": "0213/034215", "correlationVector":"CL17rmS5OSVTI49LlOdMCT.1","action":"SyncServerConnectionManagerRequest", "result":"SYNC_SERVER_OK", "context":{"environment":"Prod_SoutheastAsia_000j", "server":"GENERAL0100000W"}}
{"logTime": "0213/034215", "correlationVector":"CL17rmS5OSVTI49LlOdMCT.2","action":"Commit Response", "result":"SYNCER_OK", "context":Result: SYNCER_OK. cV=CL17rmS5OSVTI49LlOdMCT.0;server=GENERAL0100000W;cloudType=Consumer;environment=Prod_SoutheastAsia_000j}
{"logTime": "0213/034436", "correlationVector":"La67CE/F89JwzwLXefRd+g","action":"Commit Request", "result":"", "context":Item count: 1
Contributing types: Sessions}
{"logTime": "0213/034436", "correlationVector":"La67CE/F89JwzwLXefRd+g.1","action":"SyncServerConnectionManagerRequest", "result":"SYNC_SERVER_OK", "context":{"environment":"Prod_SoutheastAsia_000j", "server":"GENERAL01000005"}}
{"logTime": "0213/034436", "correlationVector":"La67CE/F89JwzwLXefRd+g.2","action":"Commit Response", "result":"SYNCER_OK", "context":Result: SYNCER_OK. cV=La67CE/F89JwzwLXefRd+g.0;server=GENERAL01000005;cloudType=Consumer;environment=Prod_SoutheastAsia_000j}
{"logTime": "0213/034506", "correlationVector":"KuTRm46LmuldKGzaIwAp20","action":"Commit Request", "result":"", "context":Item count: 1
Contributing types: Sessions}
{"logTime": "0213/034507", "correlationVector":"KuTRm46LmuldKGzaIwAp20.1","action":"SyncServerConnectionManagerRequest", "result":"SYNC_SERVER_OK", "context":{"environment":"Prod_SoutheastAsia_000j", "server":"GENERAL01000009"}}
{"logTime": "0213/034507", "correlationVector":"KuTRm46LmuldKGzaIwAp20.2","action":"Commit Response", "result":"SYNCER_OK", "context":Result: SYNCER_OK. cV=KuTRm46LmuldKGzaIwAp20.0;server=GENERAL01000009;cloudType=Consumer;environment=Prod_SoutheastAsia_000j}
{"logTime": "0213/034556", "correlationVector":"0kjYF7sFqoc1ZmNEkllqpQ","action":"Commit Request", "result":"", "context":Item count: 1
Contributing types: Sessions}
{"logTime": "0213/034556", "correlationVector":"0kjYF7sFqoc1ZmNEkllqpQ.1","action":"SyncServerConnectionManagerRequest", "result":"SYNC_SERVER_OK", "context":{"environment":"Prod_SoutheastAsia_000j", "server":"GENERAL0100000M"}}
{"logTime": "0213/034556", "correlationVector":"0kjYF7sFqoc1ZmNEkllqpQ.2","action":"Commit Response", "result":"SYNCER_OK", "context":Result: SYNCER_OK. cV=0kjYF7sFqoc1ZmNEkllqpQ.0;server=GENERAL0100000M;cloudType=Consumer;environment=Prod_SoutheastAsia_000j}
{"logTime": "0213/034648", "correlationVector":"oK5GoIeNFR5JbvTbDfXx1I","action":"Commit Request", "result":"", "context":Item count: 1
Contributing types: Sessions}
{"logTime": "0213/034649", "correlationVector":"oK5GoIeNFR5JbvTbDfXx1I.1","action":"SyncServerConnectionManagerRequest", "result":"SYNC_SERVER_OK", "context":{"environment":"Prod_SoutheastAsia_000j", "server":"GENERAL0100000N"}}
{"logTime": "0213/034649", "correlationVector":"oK5GoIeNFR5JbvTbDfXx1I.2","action":"Commit Response", "result":"SYNCER_OK", "context":Result: SYNCER_OK. cV=oK5GoIeNFR5JbvTbDfXx1I.0;server=GENERAL0100000N;cloudType=Consumer;environment=Prod_SoutheastAsia_000j}
{"logTime": "0213/034723", "correlationVector":"OIJJvE4ElOP2imhgDqMqQX","action":"Commit Request", "result":"", "context":Item count: 1
Contributing types: Sessions}
{"logTime": "0213/034723", "correlationVector":"OIJJvE4ElOP2imhgDqMqQX.1","action":"SyncServerConnectionManagerRequest", "result":"SYNC_SERVER_OK", "context":{"environment":"Prod_SoutheastAsia_000j", "server":"GENERAL01000009"}}
{"logTime": "0213/034723", "correlationVector":"OIJJvE4ElOP2imhgDqMqQX.2","action":"Commit Response", "result":"SYNCER_OK", "context":Result: SYNCER_OK. cV=OIJJvE4ElOP2imhgDqMqQX.0;server=GENERAL01000009;cloudType=Consumer;environment=Prod_SoutheastAsia_000j}
{"logTime": "0213/034812", "correlationVector":"LRGgYuQAVFr/z5NsYqoxFe","action":"Commit Request", "result":"", "context":Item count: 1
Contributing types: Sessions}
{"logTime": "0213/034812", "correlationVector":"LRGgYuQAVFr/z5NsYqoxFe.1","action":"SyncServerConnectionManagerRequest", "result":"SYNC_SERVER_OK", "context":{"environment":"Prod_SoutheastAsia_000j", "server":"GENERAL01000008"}}
{"logTime": "0213/034812", "correlationVector":"LRGgYuQAVFr/z5NsYqoxFe.2","action":"Commit Response", "result":"SYNCER_OK", "context":Result: SYNCER_OK. cV=LRGgYuQAVFr/z5NsYqoxFe.0;server=GENERAL01000008;cloudType=Consumer;environment=Prod_SoutheastAsia_000j}
{"logTime": "0213/034842", "correlationVector":"GCGwRHvat4rYasSMBoyc3y","action":"Commit Request", "result":"", "context":Item count: 1
Contributing types: Sessions}
{"logTime": "0213/034843", "correlationVector":"GCGwRHvat4rYasSMBoyc3y.1","action":"SyncServerConnectionManagerRequest", "result":"SYNC_SERVER_OK", "context":{"environment":"Prod_SoutheastAsia_000j", "server":"GENERAL0100000M"}}
{"logTime": "0213/034843", "correlationVector":"GCGwRHvat4rYasSMBoyc3y.2","action":"Commit Response", "result":"SYNCER_OK", "context":Result: SYNCER_OK. cV=GCGwRHvat4rYasSMBoyc3y.0;server=GENERAL0100000M;cloudType=Consumer;environment=Prod_SoutheastAsia_000j}
{"logTime": "0213/035020", "correlationVector":"rmxcDMc3QM2VlJOM8IJo8m","action":"Commit Request", "result":"", "context":Item count: 1
Contributing types: Sessions}
{"logTime": "0213/035021", "correlationVector":"rmxcDMc3QM2VlJOM8IJo8m.1","action":"SyncServerConnectionManagerRequest", "result":"SYNC_SERVER_OK", "context":{"environment":"Prod_SoutheastAsia_000j", "server":"GENERAL0100001K"}}
{"logTime": "0213/035021", "correlationVector":"rmxcDMc3QM2VlJOM8IJo8m.2","action":"Commit Response", "result":"SYNCER_OK", "context":Result: SYNCER_OK. cV=rmxcDMc3QM2VlJOM8IJo8m.0;server=GENERAL0100001K;cloudType=Consumer;environment=Prod_SoutheastAsia_000j}
{"logTime": "0213/035054", "correlationVector":"KpSf3kKqN9/zCc2+T8zEWg","action":"Commit Request", "result":"", "context":Item count: 1
Contributing types: Sessions}
{"logTime": "0213/035055", "correlationVector":"KpSf3kKqN9/zCc2+T8zEWg.1","action":"SyncServerConnectionManagerRequest", "result":"SYNC_SERVER_OK", "context":{"environment":"Prod_SoutheastAsia_000j", "server":"GENERAL01000005"}}
{"logTime": "0213/035055", "correlationVector":"KpSf3kKqN9/zCc2+T8zEWg.2","action":"Commit Response", "result":"SYNCER_OK", "context":Result: SYNCER_OK. cV=KpSf3kKqN9/zCc2+T8zEWg.0;server=GENERAL01000005;cloudType=Consumer;environment=Prod_SoutheastAsia_000j}
{"logTime": "0213/035127", "correlationVector":"61OtjyMo58RyPPCM3p9tYn","action":"Commit Request", "result":"", "context":Item count: 1
Contributing types: Sessions}
{"logTime": "0213/035127", "correlationVector":"61OtjyMo58RyPPCM3p9tYn.1","action":"SyncServerConnectionManagerRequest", "result":"SYNC_SERVER_OK", "context":{"environment":"Prod_SoutheastAsia_000j", "server":"GENERAL01000011"}}
{"logTime": "0213/035127", "correlationVector":"61OtjyMo58RyPPCM3p9tYn.2","action":"Commit Response", "result":"SYNCER_OK", "context":Result: SYNCER_OK. cV=61OtjyMo58RyPPCM3p9tYn.0;server=GENERAL01000011;cloudType=Consumer;environment=Prod_SoutheastAsia_000j}
{"logTime": "0213/035240", "correlationVector":"bnCt/ml5za0Va1GjuSt80v","action":"Commit Request", "result":"", "context":Item count: 1
Contributing types: Sessions}
{"logTime": "0213/035240", "correlationVector":"bnCt/ml5za0Va1GjuSt80v.1","action":"SyncServerConnectionManagerRequest", "result":"SYNC_SERVER_OK", "context":{"environment":"Prod_SoutheastAsia_000j", "server":"GENERAL0100000J"}}
{"logTime": "0213/035240", "correlationVector":"bnCt/ml5za0Va1GjuSt80v.2","action":"Commit Response", "result":"SYNCER_OK", "context":Result: SYNCER_OK. cV=bnCt/ml5za0Va1GjuSt80v.0;server=GENERAL0100000J;cloudType=Consumer;environment=Prod_SoutheastAsia_000j}
{"logTime": "0213/035313", "correlationVector":"TdoKfFGemiycbuipaZMP0m","action":"Commit Request", "result":"", "context":Item count: 1
Contributing types: Sessions}
{"logTime": "0213/035317", "correlationVector":"TdoKfFGemiycbuipaZMP0m.1","action":"SyncServerConnectionManagerRequest", "result":"SYNC_SERVER_OK", "context":{"environment":"Prod_SoutheastAsia_000j", "server":"GENERAL01000009"}}
{"logTime": "0213/035317", "correlationVector":"TdoKfFGemiycbuipaZMP0m.2","action":"Commit Response", "result":"SYNCER_OK", "context":Result: SYNCER_OK. cV=TdoKfFGemiycbuipaZMP0m.0;server=GENERAL01000009;cloudType=Consumer;environment=Prod_SoutheastAsia_000j}
{"logTime": "0213/035345", "correlationVector":"tsUAN87rTeo6r7xBj3aIh4","action":"Commit Request", "result":"", "context":Item count: 1
Contributing types: Sessions}
{"logTime": "0213/035345", "correlationVector":"tsUAN87rTeo6r7xBj3aIh4.1","action":"SyncServerConnectionManagerRequest", "result":"SYNC_SERVER_OK", "context":{"environment":"Prod_SoutheastAsia_000j", "server":"GENERAL0100001L"}}
{"logTime": "0213/035345", "correlationVector":"tsUAN87rTeo6r7xBj3aIh4.2","action":"Commit Response", "result":"SYNCER_OK", "context":Result: SYNCER_OK. cV=tsUAN87rTeo6r7xBj3aIh4.0;server=GENERAL0100001L;cloudType=Consumer;environment=Prod_SoutheastAsia_000j}
{"logTime": "0213/035459", "correlationVector":"gBBT4TFnn2emPaNYU7J4It","action":"Commit Request", "result":"", "context":Item count: 1
Contributing types: Sessions}
{"logTime": "0213/035459", "correlationVector":"gBBT4TFnn2emPaNYU7J4It.1","action":"SyncServerConnectionManagerRequest", "result":"SYNC_SERVER_OK", "context":{"environment":"Prod_SoutheastAsia_000j", "server":"GENERAL0100001F"}}
{"logTime": "0213/035459", "correlationVector":"gBBT4TFnn2emPaNYU7J4It.2","action":"Commit Response", "result":"SYNCER_OK", "context":Result: SYNCER_OK. cV=gBBT4TFnn2emPaNYU7J4It.0;server=GENERAL0100001F;cloudType=Consumer;environment=Prod_SoutheastAsia_000j}
{"logTime": "0213/035713", "correlationVector":"mXSkrnMZMO18DvSF3nfPc3","action":"Commit Request", "result":"", "context":Item count: 1
Contributing types: Sessions}
{"logTime": "0213/035715", "correlationVector":"mXSkrnMZMO18DvSF3nfPc3.1","action":"SyncServerConnectionManagerRequest", "result":"SYNC_SERVER_OK", "context":{"environment":"Prod_SoutheastAsia_000j", "server":"GENERAL01000010"}}
{"logTime": "0213/035715", "correlationVector":"mXSkrnMZMO18DvSF3nfPc3.2","action":"Commit Response", "result":"SYNCER_OK", "context":Result: SYNCER_OK. cV=mXSkrnMZMO18DvSF3nfPc3.0;server=GENERAL01000010;cloudType=Consumer;environment=Prod_SoutheastAsia_000j}
{"logTime": "0213/035902", "correlationVector":"Xc38IgqsVkkz0iSP3j8WOI","action":"Commit Request", "result":"", "context":Item count: 1
Contributing types: Sessions}
{"logTime": "0213/035902", "correlationVector":"Xc38IgqsVkkz0iSP3j8WOI.1","action":"SyncServerConnectionManagerRequest", "result":"SYNC_SERVER_OK", "context":{"environment":"Prod_SoutheastAsia_000j", "server":"GENERAL0100000Y"}}
{"logTime": "0213/035902", "correlationVector":"Xc38IgqsVkkz0iSP3j8WOI.2","action":"Commit Response", "result":"SYNCER_OK", "context":Result: SYNCER_OK. cV=Xc38IgqsVkkz0iSP3j8WOI.0;server=GENERAL0100000Y;cloudType=Consumer;environment=Prod_SoutheastAsia_000j}
{"logTime": "0213/035940", "correlationVector":"X7Gtn2fCWi8s0o4nXz1R5u","action":"Commit Request", "result":"", "context":Item count: 1
Contributing types: Sessions}
{"logTime": "0213/035940", "correlationVector":"X7Gtn2fCWi8s0o4nXz1R5u.1","action":"SyncServerConnectionManagerRequest", "result":"SYNC_SERVER_OK", "context":{"environment":"Prod_SoutheastAsia_000j", "server":"GENERAL01000010"}}
{"logTime": "0213/035940", "correlationVector":"X7Gtn2fCWi8s0o4nXz1R5u.2","action":"Commit Response", "result":"SYNCER_OK", "context":Result: SYNCER_OK. cV=X7Gtn2fCWi8s0o4nXz1R5u.0;server=GENERAL01000010;cloudType=Consumer;environment=Prod_SoutheastAsia_000j}
{"logTime": "0213/040025", "correlationVector":"OpL4ieILN7k/3K0+fLt7EE","action":"Commit Request", "result":"", "context":Item count: 1
Contributing types: Sessions}
{"logTime": "0213/040025", "correlationVector":"OpL4ieILN7k/3K0+fLt7EE.1","action":"SyncServerConnectionManagerRequest", "result":"SYNC_SERVER_OK", "context":{"environment":"Prod_SoutheastAsia_000j", "server":"GENERAL01000000"}}
{"logTime": "0213/040025", "correlationVector":"OpL4ieILN7k/3K0+fLt7EE.2","action":"Commit Response", "result":"SYNCER_OK", "context":Result: SYNCER_OK. cV=OpL4ieILN7k/3K0+fLt7EE.0;server=GENERAL01000000;cloudType=Consumer;environment=Prod_SoutheastAsia_000j}
